#
# There is insufficient memory for the Java Runtime Environment to continue.
# Native memory allocation (malloc) failed to allocate 812096 bytes for Chunk::new
# Possible reasons:
#   The system is out of physical RAM or swap space
#   The process is running with CompressedOops enabled, and the Java Heap may be blocking the growth of the native heap
# Possible solutions:
#   Reduce memory load on the system
#   Increase physical memory or swap space
#   Check if swap backing store is full
#   Decrease Java heap size (-Xmx/-Xms)
#   Decrease number of Java threads
#   Decrease Java thread stack sizes (-Xss)
#   Set larger code cache with -XX:ReservedCodeCacheSize=
#   JVM is running with Unscaled Compressed Oops mode in which the Java heap is
#     placed in the first 4GB address space. The Java Heap base address is the
#     maximum limit for the native heap growth. Please use -XX:HeapBaseMinAddress
#     to set the Java Heap base and to place the Java Heap above 4GB virtual address.
# This output file may be truncated or incomplete.
#
#  Out of Memory Error (./src/hotspot/share/memory/arena.cpp:197), pid=5212, tid=11340
#
# JRE version: OpenJDK Runtime Environment (11.0.10) (build 11.0.10+0-b96-7249189)
# Java VM: OpenJDK 64-Bit Server VM (11.0.10+0-b96-7249189, mixed mode, tiered, compressed oops, g1 gc, windows-amd64)
# No core dump will be written. Minidumps are not enabled by default on client versions of Windows
#

---------------  S U M M A R Y ------------

Command Line: --add-opens=java.base/java.util=ALL-UNNAMED --add-opens=java.base/java.lang=ALL-UNNAMED --add-opens=java.base/java.lang.invoke=ALL-UNNAMED --add-opens=java.base/java.util=ALL-UNNAMED --add-opens=java.prefs/java.util.prefs=ALL-UNNAMED --add-opens=java.prefs/java.util.prefs=ALL-UNNAMED --add-opens=java.base/java.nio.charset=ALL-UNNAMED --add-opens=java.base/java.net=ALL-UNNAMED --add-opens=java.base/java.util.concurrent.atomic=ALL-UNNAMED -Xmx1536M -Dfile.encoding=windows-1252 -Duser.country=IN -Duser.language=en -Duser.variant org.gradle.launcher.daemon.bootstrap.GradleDaemon 7.3

Host: AMD Ryzen 5 3500U with Radeon Vega Mobile Gfx  , 8 cores, 5G,  Windows 10 , 64 bit Build 19041 (10.0.19041.1320)
Time: Wed Nov 17 04:58:01 2021 India Standard Time elapsed time: 4121.821956 seconds (0d 1h 8m 41s)

---------------  T H R E A D  ---------------

Current thread (0x00000190a0c73000):  JavaThread "C2 CompilerThread0" daemon [_thread_in_native, id=11340, stack(0x0000003bc7a00000,0x0000003bc7b00000)]


Current CompileTask:
C2:4121822 18319       4       org.gradle.api.internal.artifacts.ivyservice.resolveengine.graph.builder.DependencyGraphBuilder::resolveEdges (43 bytes)

Stack: [0x0000003bc7a00000,0x0000003bc7b00000]
Native frames: (J=compiled Java code, j=interpreted, Vv=VM code, C=native code)
V  [jvm.dll+0x5ecfaa]
V  [jvm.dll+0x722bd5]
V  [jvm.dll+0x72412d]
V  [jvm.dll+0x7247e3]
V  [jvm.dll+0x242928]
V  [jvm.dll+0xbc4fc]
V  [jvm.dll+0xbca0c]
V  [jvm.dll+0x2b4fd4]
V  [jvm.dll+0x506028]
V  [jvm.dll+0x1fc985]
V  [jvm.dll+0x1fa77f]
V  [jvm.dll+0x18354c]
V  [jvm.dll+0x208ee7]
V  [jvm.dll+0x207731]
V  [jvm.dll+0x6eb1cf]
V  [jvm.dll+0x6e3d45]
V  [jvm.dll+0x5ebe96]
C  [ucrtbase.dll+0x21bb2]
C  [KERNEL32.DLL+0x17034]
C  [ntdll.dll+0x52651]


---------------  P R O C E S S  ---------------

Threads class SMR info:
_java_thread_list=0x00000190ac7aefd0, length=123, elements={
0x0000019087ae2000, 0x00000190a0c44800, 0x00000190a0c48000, 0x00000190a0c65800,
0x00000190a0c67800, 0x00000190a0c68800, 0x00000190a0c73000, 0x00000190a0c7a800,
0x00000190a0c82800, 0x00000190a0c7d000, 0x00000190a0c79800, 0x00000190a0c7b000,
0x00000190a0c7d800, 0x00000190a364c800, 0x00000190a3650800, 0x00000190a3652800,
0x00000190a3653000, 0x00000190a364d800, 0x00000190a365a800, 0x00000190a3657000,
0x00000190a3655000, 0x00000190a365b800, 0x00000190a578e000, 0x00000190a578f000,
0x00000190a5790800, 0x00000190a42ff800, 0x00000190a430b000, 0x00000190a4307800,
0x00000190a4306000, 0x00000190a9c8c800, 0x00000190a9c90000, 0x00000190a9c8f000,
0x00000190a9c8a000, 0x00000190a9c8e800, 0x00000190a9c90800, 0x00000190a9c8b000,
0x00000190a9c95000, 0x00000190a9c91800, 0x00000190a9c92800, 0x00000190a9c95800,
0x00000190a9c93000, 0x00000190a9c96800, 0x00000190a9c97800, 0x00000190a9c98000,
0x00000190a9c94000, 0x00000190a9c99000, 0x00000190a5790000, 0x00000190a578b000,
0x00000190a5791800, 0x00000190a578c000, 0x00000190a5792800, 0x00000190a578c800,
0x00000190a5793000, 0x00000190a5799000, 0x00000190a5796800, 0x00000190a5798000,
0x00000190a5799800, 0x00000190a5797000, 0x00000190a5794000, 0x00000190a5794800,
0x00000190a5795800, 0x00000190a42fd000, 0x00000190a4300000, 0x00000190a4301000,
0x00000190a4302800, 0x00000190a4302000, 0x00000190a4303800, 0x00000190a42fe800,
0x00000190a42fe000, 0x00000190a4309000, 0x00000190a4304800, 0x00000190a4305000,
0x00000190a4308800, 0x00000190a430b800, 0x00000190a3651800, 0x00000190a364f000,
0x00000190a3654000, 0x00000190a364e000, 0x00000190a3655800, 0x00000190a3650000,
0x00000190a3656800, 0x00000190a0c79000, 0x00000190a0c78000, 0x00000190a0c7c000,
0x00000190a0c7e800, 0x00000190abe93000, 0x00000190abe98000, 0x00000190abe95800,
0x00000190abe94000, 0x00000190abe97800, 0x00000190abe95000, 0x00000190abe92800,
0x00000190abe9b800, 0x00000190abe99000, 0x00000190abe99800, 0x00000190abe9c000,
0x00000190abe96800, 0x00000190abe9a800, 0x00000190abe9e800, 0x00000190abea1000,
0x00000190abea0000, 0x00000190abe9d000, 0x00000190abe9e000, 0x00000190abe9f800,
0x00000190acfdc000, 0x00000190acfdf800, 0x00000190acfde800, 0x00000190acfe0000,
0x00000190acfdd000, 0x00000190acfe1000, 0x00000190acfdd800, 0x00000190acfdb000,
0x00000190acfe2800, 0x00000190acfe6800, 0x00000190acfe5000, 0x00000190acfe4000,
0x00000190acfe6000, 0x00000190acfe7800, 0x00000190acfe1800, 0x00000190acfe8000,
0x00000190acfe9000, 0x00000190acfe3800, 0x00000190acfea000
}

Java Threads: ( => current thread )
  0x0000019087ae2000 JavaThread "main" [_thread_blocked, id=4320, stack(0x0000003bc6e00000,0x0000003bc6f00000)]
  0x00000190a0c44800 JavaThread "Reference Handler" daemon [_thread_blocked, id=7364, stack(0x0000003bc7500000,0x0000003bc7600000)]
  0x00000190a0c48000 JavaThread "Finalizer" daemon [_thread_blocked, id=1608, stack(0x0000003bc7600000,0x0000003bc7700000)]
  0x00000190a0c65800 JavaThread "Signal Dispatcher" daemon [_thread_blocked, id=6828, stack(0x0000003bc7700000,0x0000003bc7800000)]
  0x00000190a0c67800 JavaThread "Attach Listener" daemon [_thread_blocked, id=3944, stack(0x0000003bc7800000,0x0000003bc7900000)]
  0x00000190a0c68800 JavaThread "Service Thread" daemon [_thread_blocked, id=5408, stack(0x0000003bc7900000,0x0000003bc7a00000)]
=>0x00000190a0c73000 JavaThread "C2 CompilerThread0" daemon [_thread_in_native, id=11340, stack(0x0000003bc7a00000,0x0000003bc7b00000)]
  0x00000190a0c7a800 JavaThread "C1 CompilerThread0" daemon [_thread_blocked, id=2496, stack(0x0000003bc7b00000,0x0000003bc7c00000)]
  0x00000190a0c82800 JavaThread "Sweeper thread" daemon [_thread_blocked, id=3776, stack(0x0000003bc7c00000,0x0000003bc7d00000)]
  0x00000190a0c7d000 JavaThread "Common-Cleaner" daemon [_thread_blocked, id=5668, stack(0x0000003bc7d00000,0x0000003bc7e00000)]
  0x00000190a0c79800 JavaThread "Daemon health stats" [_thread_blocked, id=688, stack(0x0000003bc8000000,0x0000003bc8100000)]
  0x00000190a0c7b000 JavaThread "Incoming local TCP Connector on port 60828" [_thread_in_native, id=3556, stack(0x0000003bc8400000,0x0000003bc8500000)]
  0x00000190a0c7d800 JavaThread "Daemon periodic checks" [_thread_blocked, id=11712, stack(0x0000003bc8500000,0x0000003bc8600000)]
  0x00000190a364c800 JavaThread "Cache worker for journal cache (C:\Users\sabar\.gradle\caches\journal-1)" [_thread_blocked, id=9884, stack(0x0000003bc9100000,0x0000003bc9200000)]
  0x00000190a3650800 JavaThread "File lock request listener" [_thread_in_native, id=3720, stack(0x0000003bc9200000,0x0000003bc9300000)]
  0x00000190a3652800 JavaThread "Cache worker for file hash cache (C:\Users\sabar\.gradle\caches\7.3\fileHashes)" [_thread_blocked, id=10132, stack(0x0000003bc9300000,0x0000003bc9400000)]
  0x00000190a3653000 JavaThread "File watcher server" daemon [_thread_in_native, id=11896, stack(0x0000003bc9600000,0x0000003bc9700000)]
  0x00000190a364d800 JavaThread "File watcher consumer" daemon [_thread_blocked, id=9180, stack(0x0000003bc9700000,0x0000003bc9800000)]
  0x00000190a365a800 JavaThread "Cache worker for execution history cache (C:\Users\sabar\.gradle\caches\7.3\executionHistory)" [_thread_blocked, id=9128, stack(0x0000003bc9b00000,0x0000003bc9c00000)]
  0x00000190a3657000 JavaThread "jar transforms" [_thread_blocked, id=7480, stack(0x0000003bc9c00000,0x0000003bc9d00000)]
  0x00000190a3655000 JavaThread "jar transforms Thread 2" [_thread_blocked, id=11348, stack(0x0000003bc9d00000,0x0000003bc9e00000)]
  0x00000190a365b800 JavaThread "Cache worker for file content cache (C:\Users\sabar\.gradle\caches\7.3\fileContent)" [_thread_blocked, id=8356, stack(0x0000003bc9e00000,0x0000003bc9f00000)]
  0x00000190a578e000 JavaThread "jar transforms Thread 3" [_thread_blocked, id=12000, stack(0x0000003bc9f00000,0x0000003bca000000)]
  0x00000190a578f000 JavaThread "jar transforms Thread 4" [_thread_blocked, id=10028, stack(0x0000003bca000000,0x0000003bca100000)]
  0x00000190a5790800 JavaThread "jar transforms Thread 5" [_thread_blocked, id=3012, stack(0x0000003bca200000,0x0000003bca300000)]
  0x00000190a42ff800 JavaThread "jar transforms Thread 6" [_thread_blocked, id=7804, stack(0x0000003bcf400000,0x0000003bcf500000)]
  0x00000190a430b000 JavaThread "jar transforms Thread 7" [_thread_blocked, id=11792, stack(0x0000003bcf500000,0x0000003bcf600000)]
  0x00000190a4307800 JavaThread "jar transforms Thread 8" [_thread_blocked, id=7084, stack(0x0000003bcf600000,0x0000003bcf700000)]
  0x00000190a4306000 JavaThread "Memory manager" [_thread_blocked, id=2792, stack(0x0000003bcf800000,0x0000003bcf900000)]
  0x00000190a9c8c800 JavaThread "Daemon Thread 5" [_thread_blocked, id=3716, stack(0x0000003bc6b00000,0x0000003bc6c00000)]
  0x00000190a9c90000 JavaThread "Handler for socket connection from /127.0.0.1:60828 to /127.0.0.1:58887" [_thread_in_native, id=11312, stack(0x0000003bc6c00000,0x0000003bc6d00000)]
  0x00000190a9c8f000 JavaThread "Cancel handler" [_thread_blocked, id=6148, stack(0x0000003bc6d00000,0x0000003bc6e00000)]
  0x00000190a9c8a000 JavaThread "Daemon worker Thread 5" [_thread_in_vm, id=12900, stack(0x0000003bc8600000,0x0000003bc8700000)]
  0x00000190a9c8e800 JavaThread "Asynchronous log dispatcher for DefaultDaemonConnection: socket connection from /127.0.0.1:60828 to /127.0.0.1:58887" [_thread_blocked, id=10988, stack(0x0000003bc8700000,0x0000003bc8800000)]
  0x00000190a9c90800 JavaThread "Stdin handler" [_thread_blocked, id=6096, stack(0x0000003bc8800000,0x0000003bc8900000)]
  0x00000190a9c8b000 JavaThread "Daemon client event forwarder" [_thread_blocked, id=2892, stack(0x0000003bc8900000,0x0000003bc8a00000)]
  0x00000190a9c95000 JavaThread "Cache worker for file hash cache (D:\projects\students_app\android\.gradle\7.3\fileHashes)" [_thread_blocked, id=8580, stack(0x0000003bc8a00000,0x0000003bc8b00000)]
  0x00000190a9c91800 JavaThread "Cache worker for checksums cache (D:\projects\students_app\android\.gradle\7.3\checksums)" [_thread_blocked, id=5532, stack(0x0000003bc8b00000,0x0000003bc8c00000)]
  0x00000190a9c92800 JavaThread "Cache worker for cache directory md-supplier (C:\Users\sabar\.gradle\caches\7.3\md-supplier)" [_thread_blocked, id=8, stack(0x0000003bc8c00000,0x0000003bc8d00000)]
  0x00000190a9c95800 JavaThread "Cache worker for cache directory md-rule (C:\Users\sabar\.gradle\caches\7.3\md-rule)" [_thread_blocked, id=6008, stack(0x0000003bc9500000,0x0000003bc9600000)]
  0x00000190a9c93000 JavaThread "Cache worker for dependencies-accessors (D:\projects\students_app\android\.gradle\7.3\dependencies-accessors)" [_thread_blocked, id=8424, stack(0x0000003bc9800000,0x0000003bc9900000)]
  0x00000190a9c96800 JavaThread "Cache worker for Build Output Cleanup Cache (D:\projects\students_app\android\.gradle\buildOutputCleanup)" [_thread_blocked, id=940, stack(0x0000003bc9900000,0x0000003bc9a00000)]
  0x00000190a9c97800 JavaThread "Unconstrained build operations" [_thread_blocked, id=8184, stack(0x0000003bc9a00000,0x0000003bc9b00000)]
  0x00000190a9c98000 JavaThread "Unconstrained build operations Thread 2" [_thread_blocked, id=12832, stack(0x0000003bca100000,0x0000003bca200000)]
  0x00000190a9c94000 JavaThread "Unconstrained build operations Thread 3" [_thread_blocked, id=10616, stack(0x0000003bca300000,0x0000003bca400000)]
  0x00000190a9c99000 JavaThread "Unconstrained build operations Thread 4" [_thread_blocked, id=12296, stack(0x0000003bca400000,0x0000003bca500000)]
  0x00000190a5790000 JavaThread "Unconstrained build operations Thread 5" [_thread_blocked, id=5208, stack(0x0000003bca500000,0x0000003bca600000)]
  0x00000190a578b000 JavaThread "Unconstrained build operations Thread 6" [_thread_blocked, id=9168, stack(0x0000003bca600000,0x0000003bca700000)]
  0x00000190a5791800 JavaThread "Unconstrained build operations Thread 7" [_thread_blocked, id=7732, stack(0x0000003bca700000,0x0000003bca800000)]
  0x00000190a578c000 JavaThread "Unconstrained build operations Thread 8" [_thread_blocked, id=5592, stack(0x0000003bca800000,0x0000003bca900000)]
  0x00000190a5792800 JavaThread "Unconstrained build operations Thread 9" [_thread_blocked, id=2976, stack(0x0000003bca900000,0x0000003bcaa00000)]
  0x00000190a578c800 JavaThread "Unconstrained build operations Thread 10" [_thread_blocked, id=9172, stack(0x0000003bcaa00000,0x0000003bcab00000)]
  0x00000190a5793000 JavaThread "Unconstrained build operations Thread 11" [_thread_blocked, id=8568, stack(0x0000003bcab00000,0x0000003bcac00000)]
  0x00000190a5799000 JavaThread "Unconstrained build operations Thread 12" [_thread_blocked, id=10348, stack(0x0000003bcac00000,0x0000003bcad00000)]
  0x00000190a5796800 JavaThread "Unconstrained build operations Thread 13" [_thread_blocked, id=13144, stack(0x0000003bcad00000,0x0000003bcae00000)]
  0x00000190a5798000 JavaThread "Unconstrained build operations Thread 14" [_thread_blocked, id=6964, stack(0x0000003bcae00000,0x0000003bcaf00000)]
  0x00000190a5799800 JavaThread "Unconstrained build operations Thread 15" [_thread_blocked, id=10668, stack(0x0000003bcaf00000,0x0000003bcb000000)]
  0x00000190a5797000 JavaThread "Unconstrained build operations Thread 16" [_thread_blocked, id=9636, stack(0x0000003bcb000000,0x0000003bcb100000)]
  0x00000190a5794000 JavaThread "Unconstrained build operations Thread 17" [_thread_blocked, id=13156, stack(0x0000003bcb100000,0x0000003bcb200000)]
  0x00000190a5794800 JavaThread "Unconstrained build operations Thread 18" [_thread_blocked, id=3552, stack(0x0000003bcb200000,0x0000003bcb300000)]
  0x00000190a5795800 JavaThread "Unconstrained build operations Thread 19" [_thread_blocked, id=960, stack(0x0000003bcb300000,0x0000003bcb400000)]
  0x00000190a42fd000 JavaThread "Unconstrained build operations Thread 20" [_thread_blocked, id=9492, stack(0x0000003bcb400000,0x0000003bcb500000)]
  0x00000190a4300000 JavaThread "Unconstrained build operations Thread 21" [_thread_blocked, id=11900, stack(0x0000003bcb500000,0x0000003bcb600000)]
  0x00000190a4301000 JavaThread "Unconstrained build operations Thread 22" [_thread_blocked, id=88, stack(0x0000003bcb600000,0x0000003bcb700000)]
  0x00000190a4302800 JavaThread "Unconstrained build operations Thread 23" [_thread_blocked, id=12688, stack(0x0000003bcb700000,0x0000003bcb800000)]
  0x00000190a4302000 JavaThread "Unconstrained build operations Thread 24" [_thread_blocked, id=10056, stack(0x0000003bcb800000,0x0000003bcb900000)]
  0x00000190a4303800 JavaThread "Unconstrained build operations Thread 25" [_thread_blocked, id=11252, stack(0x0000003bcb900000,0x0000003bcba00000)]
  0x00000190a42fe800 JavaThread "Unconstrained build operations Thread 26" [_thread_blocked, id=7836, stack(0x0000003bcba00000,0x0000003bcbb00000)]
  0x00000190a42fe000 JavaThread "Unconstrained build operations Thread 27" [_thread_blocked, id=7412, stack(0x0000003bcbb00000,0x0000003bcbc00000)]
  0x00000190a4309000 JavaThread "Unconstrained build operations Thread 28" [_thread_blocked, id=10128, stack(0x0000003bcbc00000,0x0000003bcbd00000)]
  0x00000190a4304800 JavaThread "Unconstrained build operations Thread 29" [_thread_blocked, id=9408, stack(0x0000003bcbd00000,0x0000003bcbe00000)]
  0x00000190a4305000 JavaThread "Unconstrained build operations Thread 30" [_thread_blocked, id=11044, stack(0x0000003bcbe00000,0x0000003bcbf00000)]
  0x00000190a4308800 JavaThread "Unconstrained build operations Thread 31" [_thread_blocked, id=13092, stack(0x0000003bcbf00000,0x0000003bcc000000)]
  0x00000190a430b800 JavaThread "Unconstrained build operations Thread 32" [_thread_blocked, id=3728, stack(0x0000003bcc000000,0x0000003bcc100000)]
  0x00000190a3651800 JavaThread "Unconstrained build operations Thread 33" [_thread_blocked, id=11380, stack(0x0000003bcc100000,0x0000003bcc200000)]
  0x00000190a364f000 JavaThread "Unconstrained build operations Thread 34" [_thread_blocked, id=3612, stack(0x0000003bcc200000,0x0000003bcc300000)]
  0x00000190a3654000 JavaThread "Unconstrained build operations Thread 35" [_thread_blocked, id=7816, stack(0x0000003bcc300000,0x0000003bcc400000)]
  0x00000190a364e000 JavaThread "Unconstrained build operations Thread 36" [_thread_blocked, id=1496, stack(0x0000003bcc400000,0x0000003bcc500000)]
  0x00000190a3655800 JavaThread "Unconstrained build operations Thread 37" [_thread_blocked, id=5984, stack(0x0000003bcc500000,0x0000003bcc600000)]
  0x00000190a3650000 JavaThread "Unconstrained build operations Thread 38" [_thread_blocked, id=11160, stack(0x0000003bcc600000,0x0000003bcc700000)]
  0x00000190a3656800 JavaThread "Unconstrained build operations Thread 39" [_thread_blocked, id=6628, stack(0x0000003bcc700000,0x0000003bcc800000)]
  0x00000190a0c79000 JavaThread "Unconstrained build operations Thread 40" [_thread_blocked, id=10556, stack(0x0000003bcc800000,0x0000003bcc900000)]
  0x00000190a0c78000 JavaThread "Unconstrained build operations Thread 41" [_thread_blocked, id=12184, stack(0x0000003bcc900000,0x0000003bcca00000)]
  0x00000190a0c7c000 JavaThread "Unconstrained build operations Thread 42" [_thread_blocked, id=5424, stack(0x0000003bcca00000,0x0000003bccb00000)]
  0x00000190a0c7e800 JavaThread "Unconstrained build operations Thread 43" [_thread_blocked, id=8336, stack(0x0000003bccb00000,0x0000003bccc00000)]
  0x00000190abe93000 JavaThread "Unconstrained build operations Thread 44" [_thread_blocked, id=6088, stack(0x0000003bccc00000,0x0000003bccd00000)]
  0x00000190abe98000 JavaThread "Unconstrained build operations Thread 45" [_thread_blocked, id=10684, stack(0x0000003bccd00000,0x0000003bcce00000)]
  0x00000190abe95800 JavaThread "Unconstrained build operations Thread 46" [_thread_blocked, id=6532, stack(0x0000003bcce00000,0x0000003bccf00000)]
  0x00000190abe94000 JavaThread "Unconstrained build operations Thread 47" [_thread_blocked, id=6536, stack(0x0000003bccf00000,0x0000003bcd000000)]
  0x00000190abe97800 JavaThread "Unconstrained build operations Thread 48" [_thread_blocked, id=11172, stack(0x0000003bcd000000,0x0000003bcd100000)]
  0x00000190abe95000 JavaThread "Unconstrained build operations Thread 49" [_thread_blocked, id=12120, stack(0x0000003bcd100000,0x0000003bcd200000)]
  0x00000190abe92800 JavaThread "Unconstrained build operations Thread 50" [_thread_blocked, id=6352, stack(0x0000003bcd200000,0x0000003bcd300000)]
  0x00000190abe9b800 JavaThread "Unconstrained build operations Thread 51" [_thread_blocked, id=6892, stack(0x0000003bcd300000,0x0000003bcd400000)]
  0x00000190abe99000 JavaThread "Unconstrained build operations Thread 52" [_thread_blocked, id=10896, stack(0x0000003bcd400000,0x0000003bcd500000)]
  0x00000190abe99800 JavaThread "Unconstrained build operations Thread 53" [_thread_blocked, id=10812, stack(0x0000003bcd500000,0x0000003bcd600000)]
  0x00000190abe9c000 JavaThread "Unconstrained build operations Thread 54" [_thread_blocked, id=11628, stack(0x0000003bcd600000,0x0000003bcd700000)]
  0x00000190abe96800 JavaThread "Unconstrained build operations Thread 55" [_thread_blocked, id=11456, stack(0x0000003bcd700000,0x0000003bcd800000)]
  0x00000190abe9a800 JavaThread "Unconstrained build operations Thread 56" [_thread_blocked, id=11824, stack(0x0000003bcd800000,0x0000003bcd900000)]
  0x00000190abe9e800 JavaThread "Unconstrained build operations Thread 57" [_thread_blocked, id=4180, stack(0x0000003bcd900000,0x0000003bcda00000)]
  0x00000190abea1000 JavaThread "Unconstrained build operations Thread 58" [_thread_blocked, id=1376, stack(0x0000003bcda00000,0x0000003bcdb00000)]
  0x00000190abea0000 JavaThread "Unconstrained build operations Thread 59" [_thread_blocked, id=8760, stack(0x0000003bcdb00000,0x0000003bcdc00000)]
  0x00000190abe9d000 JavaThread "Unconstrained build operations Thread 60" [_thread_blocked, id=7776, stack(0x0000003bcdc00000,0x0000003bcdd00000)]
  0x00000190abe9e000 JavaThread "Unconstrained build operations Thread 61" [_thread_blocked, id=7212, stack(0x0000003bcdd00000,0x0000003bcde00000)]
  0x00000190abe9f800 JavaThread "Unconstrained build operations Thread 62" [_thread_blocked, id=7032, stack(0x0000003bcde00000,0x0000003bcdf00000)]
  0x00000190acfdc000 JavaThread "Unconstrained build operations Thread 63" [_thread_blocked, id=32, stack(0x0000003bcdf00000,0x0000003bce000000)]
  0x00000190acfdf800 JavaThread "Unconstrained build operations Thread 64" [_thread_blocked, id=3668, stack(0x0000003bce000000,0x0000003bce100000)]
  0x00000190acfde800 JavaThread "Unconstrained build operations Thread 65" [_thread_blocked, id=7860, stack(0x0000003bce100000,0x0000003bce200000)]
  0x00000190acfe0000 JavaThread "Unconstrained build operations Thread 66" [_thread_blocked, id=9276, stack(0x0000003bce200000,0x0000003bce300000)]
  0x00000190acfdd000 JavaThread "Unconstrained build operations Thread 67" [_thread_blocked, id=12428, stack(0x0000003bce300000,0x0000003bce400000)]
  0x00000190acfe1000 JavaThread "Unconstrained build operations Thread 68" [_thread_blocked, id=5140, stack(0x0000003bce400000,0x0000003bce500000)]
  0x00000190acfdd800 JavaThread "Unconstrained build operations Thread 69" [_thread_blocked, id=3512, stack(0x0000003bce500000,0x0000003bce600000)]
  0x00000190acfdb000 JavaThread "Unconstrained build operations Thread 70" [_thread_blocked, id=13200, stack(0x0000003bce600000,0x0000003bce700000)]
  0x00000190acfe2800 JavaThread "Unconstrained build operations Thread 71" [_thread_blocked, id=8260, stack(0x0000003bce700000,0x0000003bce800000)]
  0x00000190acfe6800 JavaThread "Unconstrained build operations Thread 72" [_thread_blocked, id=12312, stack(0x0000003bce800000,0x0000003bce900000)]
  0x00000190acfe5000 JavaThread "Unconstrained build operations Thread 73" [_thread_blocked, id=5900, stack(0x0000003bce900000,0x0000003bcea00000)]
  0x00000190acfe4000 JavaThread "Unconstrained build operations Thread 74" [_thread_blocked, id=7288, stack(0x0000003bcea00000,0x0000003bceb00000)]
  0x00000190acfe6000 JavaThread "Unconstrained build operations Thread 75" [_thread_blocked, id=11908, stack(0x0000003bceb00000,0x0000003bcec00000)]
  0x00000190acfe7800 JavaThread "Unconstrained build operations Thread 76" [_thread_blocked, id=3176, stack(0x0000003bcec00000,0x0000003bced00000)]
  0x00000190acfe1800 JavaThread "Unconstrained build operations Thread 77" [_thread_blocked, id=11560, stack(0x0000003bced00000,0x0000003bcee00000)]
  0x00000190acfe8000 JavaThread "Unconstrained build operations Thread 78" [_thread_blocked, id=12032, stack(0x0000003bcee00000,0x0000003bcef00000)]
  0x00000190acfe9000 JavaThread "Unconstrained build operations Thread 79" [_thread_blocked, id=7092, stack(0x0000003bcef00000,0x0000003bcf000000)]
  0x00000190acfe3800 JavaThread "Unconstrained build operations Thread 80" [_thread_blocked, id=3560, stack(0x0000003bcf000000,0x0000003bcf100000)]
  0x00000190acfea000 JavaThread "pool-5-thread-1" [_thread_blocked, id=11544, stack(0x0000003bcf100000,0x0000003bcf200000)]

Other Threads:
  0x00000190a0c22000 VMThread "VM Thread" [stack: 0x0000003bc7400000,0x0000003bc7500000] [id=11844]
  0x00000190a175a800 WatcherThread [stack: 0x0000003bc7e00000,0x0000003bc7f00000] [id=10272]
  0x0000019087af7800 GCTaskThread "GC Thread#0" [stack: 0x0000003bc6f00000,0x0000003bc7000000] [id=9876]
  0x00000190a1a63000 GCTaskThread "GC Thread#1" [stack: 0x0000003bc7f00000,0x0000003bc8000000] [id=4728]
  0x00000190a3052800 GCTaskThread "GC Thread#2" [stack: 0x0000003bc8100000,0x0000003bc8200000] [id=11200]
  0x00000190a2c16800 GCTaskThread "GC Thread#3" [stack: 0x0000003bc8200000,0x0000003bc8300000] [id=6424]
  0x00000190a3b26800 GCTaskThread "GC Thread#4" [stack: 0x0000003bc8d00000,0x0000003bc8e00000] [id=13128]
  0x00000190a3953000 GCTaskThread "GC Thread#5" [stack: 0x0000003bc8e00000,0x0000003bc8f00000] [id=9964]
  0x00000190a36b2800 GCTaskThread "GC Thread#6" [stack: 0x0000003bc8f00000,0x0000003bc9000000] [id=9692]
  0x00000190a35f0800 GCTaskThread "GC Thread#7" [stack: 0x0000003bc9000000,0x0000003bc9100000] [id=4228]
  0x0000019087b1f800 ConcurrentGCThread "G1 Main Marker" [stack: 0x0000003bc7000000,0x0000003bc7100000] [id=3076]
  0x0000019087b21000 ConcurrentGCThread "G1 Conc#0" [stack: 0x0000003bc7100000,0x0000003bc7200000] [id=9332]
  0x00000190a19ba800 ConcurrentGCThread "G1 Conc#1" [stack: 0x0000003bc9400000,0x0000003bc9500000] [id=8876]
  0x0000019087ba4800 ConcurrentGCThread "G1 Refine#0" [stack: 0x0000003bc7200000,0x0000003bc7300000] [id=10208]
  0x00000190a201e000 ConcurrentGCThread "G1 Refine#1" [stack: 0x0000003bc8300000,0x0000003bc8400000] [id=9932]
  0x0000019087ba5800 ConcurrentGCThread "G1 Young RemSet Sampling" [stack: 0x0000003bc7300000,0x0000003bc7400000] [id=12564]

Threads with active compile tasks:
C2 CompilerThread04122166 18319       4       org.gradle.api.internal.artifacts.ivyservice.resolveengine.graph.builder.DependencyGraphBuilder::resolveEdges (43 bytes)

VM state:not at safepoint (normal execution)

VM Mutex/Monitor currently owned by a thread: None

Heap address: 0x00000000a0000000, size: 1536 MB, Compressed Oops mode: 32-bit
Narrow klass base: 0x0000000000000000, Narrow klass shift: 3
Compressed class space size: 1073741824 Address: 0x0000000100000000

Heap:
 garbage-first heap   total 272384K, used 151980K [0x00000000a0000000, 0x0000000100000000)
  region size 1024K, 16 young (16384K), 11 survivors (11264K)
 Metaspace       used 102241K, capacity 106270K, committed 106496K, reserved 1140736K
  class space    used 12920K, capacity 14295K, committed 14336K, reserved 1048576K
Heap Regions: E=young(eden), S=young(survivor), O=old, HS=humongous(starts), HC=humongous(continues), CS=collection set, F=free, A=archive, TAMS=top-at-mark-start (previous, next)
|   0|0x00000000a0000000, 0x00000000a0100000, 0x00000000a0100000|100%| O|  |TAMS 0x00000000a0100000, 0x00000000a0100000| Untracked 
|   1|0x00000000a0100000, 0x00000000a0200000, 0x00000000a0200000|100%| O|  |TAMS 0x00000000a0200000, 0x00000000a0200000| Untracked 
|   2|0x00000000a0200000, 0x00000000a0300000, 0x00000000a0300000|100%| O|  |TAMS 0x00000000a0300000, 0x00000000a0300000| Untracked 
|   3|0x00000000a0300000, 0x00000000a0400000, 0x00000000a0400000|100%|HS|  |TAMS 0x00000000a0400000, 0x00000000a0400000| Complete 
|   4|0x00000000a0400000, 0x00000000a0500000, 0x00000000a0500000|100%|HC|  |TAMS 0x00000000a0500000, 0x00000000a0500000| Complete 
|   5|0x00000000a0500000, 0x00000000a0600000, 0x00000000a0600000|100%|HC|  |TAMS 0x00000000a0600000, 0x00000000a0600000| Complete 
|   6|0x00000000a0600000, 0x00000000a0700000, 0x00000000a0700000|100%| O|  |TAMS 0x00000000a0700000, 0x00000000a0700000| Untracked 
|   7|0x00000000a0700000, 0x00000000a0800000, 0x00000000a0800000|100%| O|  |TAMS 0x00000000a0800000, 0x00000000a0800000| Untracked 
|   8|0x00000000a0800000, 0x00000000a0900000, 0x00000000a0900000|100%| O|  |TAMS 0x00000000a0900000, 0x00000000a0900000| Untracked 
|   9|0x00000000a0900000, 0x00000000a0a00000, 0x00000000a0a00000|100%| O|  |TAMS 0x00000000a0a00000, 0x00000000a0a00000| Untracked 
|  10|0x00000000a0a00000, 0x00000000a0b00000, 0x00000000a0b00000|100%| O|  |TAMS 0x00000000a0b00000, 0x00000000a0b00000| Untracked 
|  11|0x00000000a0b00000, 0x00000000a0c00000, 0x00000000a0c00000|100%| O|  |TAMS 0x00000000a0c00000, 0x00000000a0c00000| Untracked 
|  12|0x00000000a0c00000, 0x00000000a0d00000, 0x00000000a0d00000|100%| O|  |TAMS 0x00000000a0d00000, 0x00000000a0d00000| Untracked 
|  13|0x00000000a0d00000, 0x00000000a0e00000, 0x00000000a0e00000|100%| O|  |TAMS 0x00000000a0e00000, 0x00000000a0e00000| Untracked 
|  14|0x00000000a0e00000, 0x00000000a0f00000, 0x00000000a0f00000|100%| O|  |TAMS 0x00000000a0f00000, 0x00000000a0f00000| Untracked 
|  15|0x00000000a0f00000, 0x00000000a1000000, 0x00000000a1000000|100%| O|  |TAMS 0x00000000a1000000, 0x00000000a1000000| Untracked 
|  16|0x00000000a1000000, 0x00000000a1100000, 0x00000000a1100000|100%| O|  |TAMS 0x00000000a1100000, 0x00000000a1100000| Untracked 
|  17|0x00000000a1100000, 0x00000000a1200000, 0x00000000a1200000|100%| O|  |TAMS 0x00000000a1200000, 0x00000000a1200000| Untracked 
|  18|0x00000000a1200000, 0x00000000a1300000, 0x00000000a1300000|100%| O|  |TAMS 0x00000000a1300000, 0x00000000a1300000| Untracked 
|  19|0x00000000a1300000, 0x00000000a1400000, 0x00000000a1400000|100%| O|  |TAMS 0x00000000a1400000, 0x00000000a1400000| Untracked 
|  20|0x00000000a1400000, 0x00000000a1500000, 0x00000000a1500000|100%| O|  |TAMS 0x00000000a1500000, 0x00000000a1500000| Untracked 
|  21|0x00000000a1500000, 0x00000000a1600000, 0x00000000a1600000|100%| O|  |TAMS 0x00000000a1600000, 0x00000000a1600000| Untracked 
|  22|0x00000000a1600000, 0x00000000a1700000, 0x00000000a1700000|100%| O|  |TAMS 0x00000000a1700000, 0x00000000a1700000| Untracked 
|  23|0x00000000a1700000, 0x00000000a1800000, 0x00000000a1800000|100%| O|  |TAMS 0x00000000a1800000, 0x00000000a1800000| Untracked 
|  24|0x00000000a1800000, 0x00000000a1900000, 0x00000000a1900000|100%| O|  |TAMS 0x00000000a1900000, 0x00000000a1900000| Untracked 
|  25|0x00000000a1900000, 0x00000000a1a00000, 0x00000000a1a00000|100%| O|  |TAMS 0x00000000a1a00000, 0x00000000a1a00000| Untracked 
|  26|0x00000000a1a00000, 0x00000000a1b00000, 0x00000000a1b00000|100%| O|  |TAMS 0x00000000a1b00000, 0x00000000a1b00000| Untracked 
|  27|0x00000000a1b00000, 0x00000000a1c00000, 0x00000000a1c00000|100%| O|  |TAMS 0x00000000a1b00000, 0x00000000a1c00000| Untracked 
|  28|0x00000000a1c00000, 0x00000000a1d00000, 0x00000000a1d00000|100%| O|  |TAMS 0x00000000a1d00000, 0x00000000a1d00000| Untracked 
|  29|0x00000000a1d00000, 0x00000000a1e00000, 0x00000000a1e00000|100%|HS|  |TAMS 0x00000000a1e00000, 0x00000000a1e00000| Complete 
|  30|0x00000000a1e00000, 0x00000000a1f00000, 0x00000000a1f00000|100%|HS|  |TAMS 0x00000000a1f00000, 0x00000000a1f00000| Complete 
|  31|0x00000000a1f00000, 0x00000000a2000000, 0x00000000a2000000|100%|HS|  |TAMS 0x00000000a2000000, 0x00000000a2000000| Complete 
|  32|0x00000000a2000000, 0x00000000a2100000, 0x00000000a2100000|100%|HC|  |TAMS 0x00000000a2100000, 0x00000000a2100000| Complete 
|  33|0x00000000a2100000, 0x00000000a2200000, 0x00000000a2200000|100%|HC|  |TAMS 0x00000000a2200000, 0x00000000a2200000| Complete 
|  34|0x00000000a2200000, 0x00000000a2300000, 0x00000000a2300000|100%|HS|  |TAMS 0x00000000a2300000, 0x00000000a2300000| Complete 
|  35|0x00000000a2300000, 0x00000000a2400000, 0x00000000a2400000|100%|HC|  |TAMS 0x00000000a2400000, 0x00000000a2400000| Complete 
|  36|0x00000000a2400000, 0x00000000a2500000, 0x00000000a2500000|100%| O|  |TAMS 0x00000000a2500000, 0x00000000a2500000| Untracked 
|  37|0x00000000a2500000, 0x00000000a2600000, 0x00000000a2600000|100%| O|  |TAMS 0x00000000a2600000, 0x00000000a2600000| Untracked 
|  38|0x00000000a2600000, 0x00000000a2700000, 0x00000000a2700000|100%| O|  |TAMS 0x00000000a2600000, 0x00000000a2700000| Untracked 
|  39|0x00000000a2700000, 0x00000000a2800000, 0x00000000a2800000|100%| O|  |TAMS 0x00000000a2800000, 0x00000000a2800000| Untracked 
|  40|0x00000000a2800000, 0x00000000a2900000, 0x00000000a2900000|100%| O|  |TAMS 0x00000000a2900000, 0x00000000a2900000| Untracked 
|  41|0x00000000a2900000, 0x00000000a2a00000, 0x00000000a2a00000|100%| O|  |TAMS 0x00000000a2a00000, 0x00000000a2a00000| Untracked 
|  42|0x00000000a2a00000, 0x00000000a2b00000, 0x00000000a2b00000|100%| O|  |TAMS 0x00000000a2b00000, 0x00000000a2b00000| Untracked 
|  43|0x00000000a2b00000, 0x00000000a2c00000, 0x00000000a2c00000|100%| O|  |TAMS 0x00000000a2c00000, 0x00000000a2c00000| Untracked 
|  44|0x00000000a2c00000, 0x00000000a2d00000, 0x00000000a2d00000|100%| O|  |TAMS 0x00000000a2d00000, 0x00000000a2d00000| Untracked 
|  45|0x00000000a2d00000, 0x00000000a2e00000, 0x00000000a2e00000|100%| O|  |TAMS 0x00000000a2e00000, 0x00000000a2e00000| Untracked 
|  46|0x00000000a2e00000, 0x00000000a2f00000, 0x00000000a2f00000|100%| O|  |TAMS 0x00000000a2e00000, 0x00000000a2f00000| Untracked 
|  47|0x00000000a2f00000, 0x00000000a3000000, 0x00000000a3000000|100%| O|  |TAMS 0x00000000a2f00000, 0x00000000a3000000| Untracked 
|  48|0x00000000a3000000, 0x00000000a3100000, 0x00000000a3100000|100%| O|  |TAMS 0x00000000a3100000, 0x00000000a3100000| Untracked 
|  49|0x00000000a3100000, 0x00000000a3200000, 0x00000000a3200000|100%| O|  |TAMS 0x00000000a3200000, 0x00000000a3200000| Untracked 
|  50|0x00000000a3200000, 0x00000000a3300000, 0x00000000a3300000|100%| O|  |TAMS 0x00000000a3300000, 0x00000000a3300000| Untracked 
|  51|0x00000000a3300000, 0x00000000a3400000, 0x00000000a3400000|100%| O|  |TAMS 0x00000000a3300000, 0x00000000a3400000| Untracked 
|  52|0x00000000a3400000, 0x00000000a3500000, 0x00000000a3500000|100%| O|  |TAMS 0x00000000a3500000, 0x00000000a3500000| Untracked 
|  53|0x00000000a3500000, 0x00000000a3600000, 0x00000000a3600000|100%| O|  |TAMS 0x00000000a3600000, 0x00000000a3600000| Untracked 
|  54|0x00000000a3600000, 0x00000000a3700000, 0x00000000a3700000|100%| O|  |TAMS 0x00000000a3700000, 0x00000000a3700000| Untracked 
|  55|0x00000000a3700000, 0x00000000a3800000, 0x00000000a3800000|100%| O|  |TAMS 0x00000000a3700000, 0x00000000a3800000| Untracked 
|  56|0x00000000a3800000, 0x00000000a3900000, 0x00000000a3900000|100%| O|  |TAMS 0x00000000a3800000, 0x00000000a3900000| Untracked 
|  57|0x00000000a3900000, 0x00000000a3a00000, 0x00000000a3a00000|100%| O|  |TAMS 0x00000000a3a00000, 0x00000000a3a00000| Untracked 
|  58|0x00000000a3a00000, 0x00000000a3b00000, 0x00000000a3b00000|100%| O|  |TAMS 0x00000000a3b00000, 0x00000000a3b00000| Untracked 
|  59|0x00000000a3b00000, 0x00000000a3c00000, 0x00000000a3c00000|100%| O|  |TAMS 0x00000000a3b00000, 0x00000000a3c00000| Untracked 
|  60|0x00000000a3c00000, 0x00000000a3d00000, 0x00000000a3d00000|100%| O|  |TAMS 0x00000000a3d00000, 0x00000000a3d00000| Untracked 
|  61|0x00000000a3d00000, 0x00000000a3e00000, 0x00000000a3e00000|100%| O|  |TAMS 0x00000000a3d00000, 0x00000000a3e00000| Untracked 
|  62|0x00000000a3e00000, 0x00000000a3f00000, 0x00000000a3f00000|100%| O|  |TAMS 0x00000000a3e00000, 0x00000000a3f00000| Untracked 
|  63|0x00000000a3f00000, 0x00000000a4000000, 0x00000000a4000000|100%| O|  |TAMS 0x00000000a4000000, 0x00000000a4000000| Untracked 
|  64|0x00000000a4000000, 0x00000000a4100000, 0x00000000a4100000|100%| O|  |TAMS 0x00000000a4100000, 0x00000000a4100000| Untracked 
|  65|0x00000000a4100000, 0x00000000a4200000, 0x00000000a4200000|100%| O|  |TAMS 0x00000000a4200000, 0x00000000a4200000| Untracked 
|  66|0x00000000a4200000, 0x00000000a4300000, 0x00000000a4300000|100%| O|  |TAMS 0x00000000a4300000, 0x00000000a4300000| Untracked 
|  67|0x00000000a4300000, 0x00000000a4400000, 0x00000000a4400000|100%| O|  |TAMS 0x00000000a4300000, 0x00000000a4400000| Untracked 
|  68|0x00000000a4400000, 0x00000000a4500000, 0x00000000a4500000|100%| O|  |TAMS 0x00000000a4500000, 0x00000000a4500000| Untracked 
|  69|0x00000000a4500000, 0x00000000a4600000, 0x00000000a4600000|100%| O|  |TAMS 0x00000000a4500000, 0x00000000a4600000| Untracked 
|  70|0x00000000a4600000, 0x00000000a4700000, 0x00000000a4700000|100%| O|  |TAMS 0x00000000a4600000, 0x00000000a4700000| Untracked 
|  71|0x00000000a4700000, 0x00000000a4800000, 0x00000000a4800000|100%| O|  |TAMS 0x00000000a4700000, 0x00000000a4800000| Untracked 
|  72|0x00000000a4800000, 0x00000000a4900000, 0x00000000a4900000|100%| O|  |TAMS 0x00000000a4900000, 0x00000000a4900000| Untracked 
|  73|0x00000000a4900000, 0x00000000a4a00000, 0x00000000a4a00000|100%| O|  |TAMS 0x00000000a4a00000, 0x00000000a4a00000| Untracked 
|  74|0x00000000a4a00000, 0x00000000a4b00000, 0x00000000a4b00000|100%| O|  |TAMS 0x00000000a4b00000, 0x00000000a4b00000| Untracked 
|  75|0x00000000a4b00000, 0x00000000a4c00000, 0x00000000a4c00000|100%| O|  |TAMS 0x00000000a4b00000, 0x00000000a4c00000| Untracked 
|  76|0x00000000a4c00000, 0x00000000a4d00000, 0x00000000a4d00000|100%| O|  |TAMS 0x00000000a4c00000, 0x00000000a4d00000| Untracked 
|  77|0x00000000a4d00000, 0x00000000a4e00000, 0x00000000a4e00000|100%| O|  |TAMS 0x00000000a4d00000, 0x00000000a4e00000| Untracked 
|  78|0x00000000a4e00000, 0x00000000a4f00000, 0x00000000a4f00000|100%| O|  |TAMS 0x00000000a4e00000, 0x00000000a4f00000| Untracked 
|  79|0x00000000a4f00000, 0x00000000a5000000, 0x00000000a5000000|100%|HS|  |TAMS 0x00000000a5000000, 0x00000000a5000000| Complete 
|  80|0x00000000a5000000, 0x00000000a5100000, 0x00000000a5100000|100%|HC|  |TAMS 0x00000000a5100000, 0x00000000a5100000| Complete 
|  81|0x00000000a5100000, 0x00000000a5200000, 0x00000000a5200000|100%|HC|  |TAMS 0x00000000a5200000, 0x00000000a5200000| Complete 
|  82|0x00000000a5200000, 0x00000000a5300000, 0x00000000a5300000|100%| O|  |TAMS 0x00000000a5200000, 0x00000000a5300000| Untracked 
|  83|0x00000000a5300000, 0x00000000a5400000, 0x00000000a5400000|100%| O|  |TAMS 0x00000000a5300000, 0x00000000a5400000| Untracked 
|  84|0x00000000a5400000, 0x00000000a5500000, 0x00000000a5500000|100%| O|  |TAMS 0x00000000a5500000, 0x00000000a5500000| Untracked 
|  85|0x00000000a5500000, 0x00000000a5600000, 0x00000000a5600000|100%| O|  |TAMS 0x00000000a5600000, 0x00000000a5600000| Untracked 
|  86|0x00000000a5600000, 0x00000000a5700000, 0x00000000a5700000|100%| O|  |TAMS 0x00000000a5700000, 0x00000000a5700000| Untracked 
|  87|0x00000000a5700000, 0x00000000a5800000, 0x00000000a5800000|100%| O|  |TAMS 0x00000000a5700000, 0x00000000a5800000| Untracked 
|  88|0x00000000a5800000, 0x00000000a5900000, 0x00000000a5900000|100%| O|  |TAMS 0x00000000a5800000, 0x00000000a5900000| Untracked 
|  89|0x00000000a5900000, 0x00000000a5a00000, 0x00000000a5a00000|100%| O|  |TAMS 0x00000000a5900000, 0x00000000a5a00000| Untracked 
|  90|0x00000000a5a00000, 0x00000000a5b00000, 0x00000000a5b00000|100%| O|  |TAMS 0x00000000a5b00000, 0x00000000a5b00000| Untracked 
|  91|0x00000000a5b00000, 0x00000000a5c00000, 0x00000000a5c00000|100%| O|  |TAMS 0x00000000a5b00000, 0x00000000a5c00000| Untracked 
|  92|0x00000000a5c00000, 0x00000000a5d00000, 0x00000000a5d00000|100%| O|  |TAMS 0x00000000a5c00000, 0x00000000a5d00000| Untracked 
|  93|0x00000000a5d00000, 0x00000000a5e00000, 0x00000000a5e00000|100%| O|  |TAMS 0x00000000a5d00000, 0x00000000a5e00000| Untracked 
|  94|0x00000000a5e00000, 0x00000000a5f00000, 0x00000000a5f00000|100%| O|  |TAMS 0x00000000a5e00000, 0x00000000a5f00000| Untracked 
|  95|0x00000000a5f00000, 0x00000000a6000000, 0x00000000a6000000|100%| O|  |TAMS 0x00000000a5f00000, 0x00000000a6000000| Untracked 
|  96|0x00000000a6000000, 0x00000000a6100000, 0x00000000a6100000|100%| O|  |TAMS 0x00000000a6000000, 0x00000000a6100000| Untracked 
|  97|0x00000000a6100000, 0x00000000a6200000, 0x00000000a6200000|100%| O|  |TAMS 0x00000000a6100000, 0x00000000a6200000| Untracked 
|  98|0x00000000a6200000, 0x00000000a6300000, 0x00000000a6300000|100%| O|  |TAMS 0x00000000a6200000, 0x00000000a6300000| Untracked 
|  99|0x00000000a6300000, 0x00000000a6400000, 0x00000000a6400000|100%| O|  |TAMS 0x00000000a6300000, 0x00000000a6400000| Untracked 
| 100|0x00000000a6400000, 0x00000000a6500000, 0x00000000a6500000|100%| O|  |TAMS 0x00000000a6400000, 0x00000000a6500000| Untracked 
| 101|0x00000000a6500000, 0x00000000a6600000, 0x00000000a6600000|100%| O|  |TAMS 0x00000000a6500000, 0x00000000a6600000| Untracked 
| 102|0x00000000a6600000, 0x00000000a6700000, 0x00000000a6700000|100%| O|  |TAMS 0x00000000a6700000, 0x00000000a6700000| Untracked 
| 103|0x00000000a6700000, 0x00000000a6800000, 0x00000000a6800000|100%| O|  |TAMS 0x00000000a6800000, 0x00000000a6800000| Untracked 
| 104|0x00000000a6800000, 0x00000000a6900000, 0x00000000a6900000|100%| O|  |TAMS 0x00000000a6900000, 0x00000000a6900000| Untracked 
| 105|0x00000000a6900000, 0x00000000a6a00000, 0x00000000a6a00000|100%| O|  |TAMS 0x00000000a6900000, 0x00000000a6a00000| Untracked 
| 106|0x00000000a6a00000, 0x00000000a6b00000, 0x00000000a6b00000|100%| O|  |TAMS 0x00000000a6a00000, 0x00000000a6b00000| Untracked 
| 107|0x00000000a6b00000, 0x00000000a6c00000, 0x00000000a6c00000|100%| O|  |TAMS 0x00000000a6b00000, 0x00000000a6c00000| Untracked 
| 108|0x00000000a6c00000, 0x00000000a6d00000, 0x00000000a6d00000|100%| O|  |TAMS 0x00000000a6c00000, 0x00000000a6d00000| Untracked 
| 109|0x00000000a6d00000, 0x00000000a6e00000, 0x00000000a6e00000|100%| O|  |TAMS 0x00000000a6d00000, 0x00000000a6e00000| Untracked 
| 110|0x00000000a6e00000, 0x00000000a6f00000, 0x00000000a6f00000|100%| O|  |TAMS 0x00000000a6e00000, 0x00000000a6f00000| Untracked 
| 111|0x00000000a6f00000, 0x00000000a7000000, 0x00000000a7000000|100%| O|  |TAMS 0x00000000a6f00000, 0x00000000a7000000| Untracked 
| 112|0x00000000a7000000, 0x00000000a7100000, 0x00000000a7100000|100%| O|  |TAMS 0x00000000a7000000, 0x00000000a7100000| Untracked 
| 113|0x00000000a7100000, 0x00000000a7200000, 0x00000000a7200000|100%| O|  |TAMS 0x00000000a7200000, 0x00000000a7200000| Untracked 
| 114|0x00000000a7200000, 0x00000000a7300000, 0x00000000a7300000|100%| O|  |TAMS 0x00000000a7300000, 0x00000000a7300000| Untracked 
| 115|0x00000000a7300000, 0x00000000a7400000, 0x00000000a7400000|100%| O|  |TAMS 0x00000000a7300000, 0x00000000a7400000| Untracked 
| 116|0x00000000a7400000, 0x00000000a7500000, 0x00000000a7500000|100%| O|  |TAMS 0x00000000a7500000, 0x00000000a7500000| Untracked 
| 117|0x00000000a7500000, 0x00000000a7600000, 0x00000000a7600000|100%| O|  |TAMS 0x00000000a7600000, 0x00000000a7600000| Untracked 
| 118|0x00000000a7600000, 0x00000000a7700000, 0x00000000a7700000|100%| O|  |TAMS 0x00000000a7600000, 0x00000000a7700000| Untracked 
| 119|0x00000000a7700000, 0x00000000a7800000, 0x00000000a7800000|100%| O|  |TAMS 0x00000000a7700000, 0x00000000a7800000| Untracked 
| 120|0x00000000a7800000, 0x00000000a7900000, 0x00000000a7900000|100%| O|  |TAMS 0x00000000a782e600, 0x00000000a7900000| Untracked 
| 121|0x00000000a7900000, 0x00000000a7a00000, 0x00000000a7a00000|100%| O|  |TAMS 0x00000000a7900000, 0x00000000a7a00000| Untracked 
| 122|0x00000000a7a00000, 0x00000000a7b00000, 0x00000000a7b00000|100%| O|  |TAMS 0x00000000a7a00000, 0x00000000a7b00000| Untracked 
| 123|0x00000000a7b00000, 0x00000000a7c00000, 0x00000000a7c00000|100%| O|  |TAMS 0x00000000a7b00000, 0x00000000a7c00000| Untracked 
| 124|0x00000000a7c00000, 0x00000000a7d00000, 0x00000000a7d00000|100%| O|  |TAMS 0x00000000a7c00000, 0x00000000a7d00000| Untracked 
| 125|0x00000000a7d00000, 0x00000000a7e00000, 0x00000000a7e00000|100%| O|  |TAMS 0x00000000a7d00000, 0x00000000a7e00000| Untracked 
| 126|0x00000000a7e00000, 0x00000000a7f00000, 0x00000000a7f00000|100%| O|  |TAMS 0x00000000a7e00000, 0x00000000a7f00000| Untracked 
| 127|0x00000000a7f00000, 0x00000000a8000000, 0x00000000a8000000|100%| O|  |TAMS 0x00000000a7f00000, 0x00000000a8000000| Untracked 
| 128|0x00000000a8000000, 0x00000000a8100000, 0x00000000a8100000|100%| O|  |TAMS 0x00000000a8100000, 0x00000000a8100000| Untracked 
| 129|0x00000000a8100000, 0x00000000a8184000, 0x00000000a8200000| 51%| O|  |TAMS 0x00000000a8100000, 0x00000000a8184000| Untracked 
| 130|0x00000000a8200000, 0x00000000a8200000, 0x00000000a8300000|  0%| F|  |TAMS 0x00000000a8200000, 0x00000000a8200000| Untracked 
| 131|0x00000000a8300000, 0x00000000a8300000, 0x00000000a8400000|  0%| F|  |TAMS 0x00000000a8300000, 0x00000000a8300000| Untracked 
| 132|0x00000000a8400000, 0x00000000a8500000, 0x00000000a8500000|100%| O|  |TAMS 0x00000000a8400000, 0x00000000a8500000| Untracked 
| 133|0x00000000a8500000, 0x00000000a8600000, 0x00000000a8600000|100%| O|  |TAMS 0x00000000a8500000, 0x00000000a8600000| Untracked 
| 134|0x00000000a8600000, 0x00000000a8700000, 0x00000000a8700000|100%| O|  |TAMS 0x00000000a8600000, 0x00000000a8700000| Untracked 
| 135|0x00000000a8700000, 0x00000000a8800000, 0x00000000a8800000|100%| O|  |TAMS 0x00000000a8700000, 0x00000000a8800000| Untracked 
| 136|0x00000000a8800000, 0x00000000a8800000, 0x00000000a8900000|  0%| F|  |TAMS 0x00000000a8800000, 0x00000000a8800000| Untracked 
| 137|0x00000000a8900000, 0x00000000a8900000, 0x00000000a8a00000|  0%| F|  |TAMS 0x00000000a8900000, 0x00000000a8900000| Untracked 
| 138|0x00000000a8a00000, 0x00000000a8a00000, 0x00000000a8b00000|  0%| F|  |TAMS 0x00000000a8a00000, 0x00000000a8a00000| Untracked 
| 139|0x00000000a8b00000, 0x00000000a8b00000, 0x00000000a8c00000|  0%| F|  |TAMS 0x00000000a8b00000, 0x00000000a8b00000| Untracked 
| 140|0x00000000a8c00000, 0x00000000a8c00000, 0x00000000a8d00000|  0%| F|  |TAMS 0x00000000a8c00000, 0x00000000a8c00000| Untracked 
| 141|0x00000000a8d00000, 0x00000000a8d00000, 0x00000000a8e00000|  0%| F|  |TAMS 0x00000000a8d00000, 0x00000000a8d00000| Untracked 
| 142|0x00000000a8e00000, 0x00000000a8e00000, 0x00000000a8f00000|  0%| F|  |TAMS 0x00000000a8e00000, 0x00000000a8e00000| Untracked 
| 143|0x00000000a8f00000, 0x00000000a8f00000, 0x00000000a9000000|  0%| F|  |TAMS 0x00000000a8f00000, 0x00000000a8f00000| Untracked 
| 144|0x00000000a9000000, 0x00000000a9000000, 0x00000000a9100000|  0%| F|  |TAMS 0x00000000a9000000, 0x00000000a9000000| Untracked 
| 145|0x00000000a9100000, 0x00000000a9100000, 0x00000000a9200000|  0%| F|  |TAMS 0x00000000a9100000, 0x00000000a9100000| Untracked 
| 146|0x00000000a9200000, 0x00000000a9200000, 0x00000000a9300000|  0%| F|  |TAMS 0x00000000a9200000, 0x00000000a9200000| Untracked 
| 147|0x00000000a9300000, 0x00000000a9300000, 0x00000000a9400000|  0%| F|  |TAMS 0x00000000a9300000, 0x00000000a9300000| Untracked 
| 148|0x00000000a9400000, 0x00000000a9400000, 0x00000000a9500000|  0%| F|  |TAMS 0x00000000a9400000, 0x00000000a9400000| Untracked 
| 149|0x00000000a9500000, 0x00000000a9500000, 0x00000000a9600000|  0%| F|  |TAMS 0x00000000a9500000, 0x00000000a9500000| Untracked 
| 150|0x00000000a9600000, 0x00000000a9600000, 0x00000000a9700000|  0%| F|  |TAMS 0x00000000a9600000, 0x00000000a9600000| Untracked 
| 151|0x00000000a9700000, 0x00000000a9700000, 0x00000000a9800000|  0%| F|  |TAMS 0x00000000a9700000, 0x00000000a9700000| Untracked 
| 152|0x00000000a9800000, 0x00000000a9800000, 0x00000000a9900000|  0%| F|  |TAMS 0x00000000a9800000, 0x00000000a9800000| Untracked 
| 153|0x00000000a9900000, 0x00000000a9900000, 0x00000000a9a00000|  0%| F|  |TAMS 0x00000000a9900000, 0x00000000a9900000| Untracked 
| 154|0x00000000a9a00000, 0x00000000a9a00000, 0x00000000a9b00000|  0%| F|  |TAMS 0x00000000a9a00000, 0x00000000a9a00000| Untracked 
| 155|0x00000000a9b00000, 0x00000000a9b00000, 0x00000000a9c00000|  0%| F|  |TAMS 0x00000000a9b00000, 0x00000000a9b00000| Untracked 
| 156|0x00000000a9c00000, 0x00000000a9c00000, 0x00000000a9d00000|  0%| F|  |TAMS 0x00000000a9c00000, 0x00000000a9c00000| Untracked 
| 157|0x00000000a9d00000, 0x00000000a9d00000, 0x00000000a9e00000|  0%| F|  |TAMS 0x00000000a9d00000, 0x00000000a9d00000| Untracked 
| 158|0x00000000a9e00000, 0x00000000a9e00000, 0x00000000a9f00000|  0%| F|  |TAMS 0x00000000a9e00000, 0x00000000a9e00000| Untracked 
| 159|0x00000000a9f00000, 0x00000000a9f00000, 0x00000000aa000000|  0%| F|  |TAMS 0x00000000a9f00000, 0x00000000a9f00000| Untracked 
| 160|0x00000000aa000000, 0x00000000aa000000, 0x00000000aa100000|  0%| F|  |TAMS 0x00000000aa000000, 0x00000000aa000000| Untracked 
| 161|0x00000000aa100000, 0x00000000aa100000, 0x00000000aa200000|  0%| F|  |TAMS 0x00000000aa100000, 0x00000000aa100000| Untracked 
| 162|0x00000000aa200000, 0x00000000aa200000, 0x00000000aa300000|  0%| F|  |TAMS 0x00000000aa200000, 0x00000000aa200000| Untracked 
| 163|0x00000000aa300000, 0x00000000aa300000, 0x00000000aa400000|  0%| F|  |TAMS 0x00000000aa300000, 0x00000000aa300000| Untracked 
| 164|0x00000000aa400000, 0x00000000aa400000, 0x00000000aa500000|  0%| F|  |TAMS 0x00000000aa400000, 0x00000000aa400000| Untracked 
| 165|0x00000000aa500000, 0x00000000aa500000, 0x00000000aa600000|  0%| F|  |TAMS 0x00000000aa500000, 0x00000000aa500000| Untracked 
| 166|0x00000000aa600000, 0x00000000aa600000, 0x00000000aa700000|  0%| F|  |TAMS 0x00000000aa600000, 0x00000000aa600000| Untracked 
| 167|0x00000000aa700000, 0x00000000aa700000, 0x00000000aa800000|  0%| F|  |TAMS 0x00000000aa700000, 0x00000000aa700000| Untracked 
| 168|0x00000000aa800000, 0x00000000aa800000, 0x00000000aa900000|  0%| F|  |TAMS 0x00000000aa800000, 0x00000000aa800000| Untracked 
| 169|0x00000000aa900000, 0x00000000aa900000, 0x00000000aaa00000|  0%| F|  |TAMS 0x00000000aa900000, 0x00000000aa900000| Untracked 
| 170|0x00000000aaa00000, 0x00000000aaa00000, 0x00000000aab00000|  0%| F|  |TAMS 0x00000000aaa00000, 0x00000000aaa00000| Untracked 
| 171|0x00000000aab00000, 0x00000000aabe72d0, 0x00000000aac00000| 90%| S|CS|TAMS 0x00000000aab00000, 0x00000000aab00000| Complete 
| 172|0x00000000aac00000, 0x00000000aac00000, 0x00000000aad00000|  0%| F|  |TAMS 0x00000000aac00000, 0x00000000aac00000| Untracked 
| 173|0x00000000aad00000, 0x00000000aad00000, 0x00000000aae00000|  0%| F|  |TAMS 0x00000000aad00000, 0x00000000aad00000| Untracked 
| 174|0x00000000aae00000, 0x00000000aae00000, 0x00000000aaf00000|  0%| F|  |TAMS 0x00000000aae00000, 0x00000000aae00000| Untracked 
| 175|0x00000000aaf00000, 0x00000000aaf00000, 0x00000000ab000000|  0%| F|  |TAMS 0x00000000aaf00000, 0x00000000aaf00000| Untracked 
| 176|0x00000000ab000000, 0x00000000ab000000, 0x00000000ab100000|  0%| F|  |TAMS 0x00000000ab000000, 0x00000000ab000000| Untracked 
| 177|0x00000000ab100000, 0x00000000ab100000, 0x00000000ab200000|  0%| F|  |TAMS 0x00000000ab100000, 0x00000000ab100000| Untracked 
| 178|0x00000000ab200000, 0x00000000ab200000, 0x00000000ab300000|  0%| F|  |TAMS 0x00000000ab200000, 0x00000000ab200000| Untracked 
| 179|0x00000000ab300000, 0x00000000ab300000, 0x00000000ab400000|  0%| F|  |TAMS 0x00000000ab300000, 0x00000000ab300000| Untracked 
| 180|0x00000000ab400000, 0x00000000ab400000, 0x00000000ab500000|  0%| F|  |TAMS 0x00000000ab400000, 0x00000000ab400000| Untracked 
| 181|0x00000000ab500000, 0x00000000ab600000, 0x00000000ab600000|100%| S|CS|TAMS 0x00000000ab500000, 0x00000000ab500000| Complete 
| 182|0x00000000ab600000, 0x00000000ab700000, 0x00000000ab700000|100%| S|CS|TAMS 0x00000000ab600000, 0x00000000ab600000| Complete 
| 183|0x00000000ab700000, 0x00000000ab800000, 0x00000000ab800000|100%| S|CS|TAMS 0x00000000ab700000, 0x00000000ab700000| Complete 
| 184|0x00000000ab800000, 0x00000000ab900000, 0x00000000ab900000|100%| S|CS|TAMS 0x00000000ab800000, 0x00000000ab800000| Complete 
| 185|0x00000000ab900000, 0x00000000aba00000, 0x00000000aba00000|100%| S|CS|TAMS 0x00000000ab900000, 0x00000000ab900000| Complete 
| 186|0x00000000aba00000, 0x00000000abb00000, 0x00000000abb00000|100%| S|CS|TAMS 0x00000000aba00000, 0x00000000aba00000| Complete 
| 187|0x00000000abb00000, 0x00000000abc00000, 0x00000000abc00000|100%| S|CS|TAMS 0x00000000abb00000, 0x00000000abb00000| Complete 
| 188|0x00000000abc00000, 0x00000000abd00000, 0x00000000abd00000|100%| S|CS|TAMS 0x00000000abc00000, 0x00000000abc00000| Complete 
| 189|0x00000000abd00000, 0x00000000abe00000, 0x00000000abe00000|100%| S|CS|TAMS 0x00000000abd00000, 0x00000000abd00000| Complete 
| 190|0x00000000abe00000, 0x00000000abf00000, 0x00000000abf00000|100%| S|CS|TAMS 0x00000000abe00000, 0x00000000abe00000| Complete 
| 191|0x00000000abf00000, 0x00000000abf00000, 0x00000000ac000000|  0%| F|  |TAMS 0x00000000abf00000, 0x00000000abf00000| Untracked 
| 192|0x00000000ac000000, 0x00000000ac000000, 0x00000000ac100000|  0%| F|  |TAMS 0x00000000ac000000, 0x00000000ac000000| Untracked 
| 193|0x00000000ac100000, 0x00000000ac100000, 0x00000000ac200000|  0%| F|  |TAMS 0x00000000ac100000, 0x00000000ac100000| Untracked 
| 194|0x00000000ac200000, 0x00000000ac200000, 0x00000000ac300000|  0%| F|  |TAMS 0x00000000ac200000, 0x00000000ac200000| Untracked 
| 195|0x00000000ac300000, 0x00000000ac300000, 0x00000000ac400000|  0%| F|  |TAMS 0x00000000ac300000, 0x00000000ac300000| Untracked 
| 196|0x00000000ac400000, 0x00000000ac400000, 0x00000000ac500000|  0%| F|  |TAMS 0x00000000ac400000, 0x00000000ac400000| Untracked 
| 197|0x00000000ac500000, 0x00000000ac500000, 0x00000000ac600000|  0%| F|  |TAMS 0x00000000ac500000, 0x00000000ac500000| Untracked 
| 198|0x00000000ac600000, 0x00000000ac600000, 0x00000000ac700000|  0%| F|  |TAMS 0x00000000ac600000, 0x00000000ac600000| Untracked 
| 199|0x00000000ac700000, 0x00000000ac700000, 0x00000000ac800000|  0%| F|  |TAMS 0x00000000ac700000, 0x00000000ac700000| Untracked 
| 200|0x00000000ac800000, 0x00000000ac800000, 0x00000000ac900000|  0%| F|  |TAMS 0x00000000ac800000, 0x00000000ac800000| Untracked 
| 201|0x00000000ac900000, 0x00000000ac900000, 0x00000000aca00000|  0%| F|  |TAMS 0x00000000ac900000, 0x00000000ac900000| Untracked 
| 202|0x00000000aca00000, 0x00000000aca00000, 0x00000000acb00000|  0%| F|  |TAMS 0x00000000aca00000, 0x00000000aca00000| Untracked 
| 203|0x00000000acb00000, 0x00000000acb00000, 0x00000000acc00000|  0%| F|  |TAMS 0x00000000acb00000, 0x00000000acb00000| Untracked 
| 204|0x00000000acc00000, 0x00000000acc00000, 0x00000000acd00000|  0%| F|  |TAMS 0x00000000acc00000, 0x00000000acc00000| Untracked 
| 205|0x00000000acd00000, 0x00000000acd00000, 0x00000000ace00000|  0%| F|  |TAMS 0x00000000acd00000, 0x00000000acd00000| Untracked 
| 206|0x00000000ace00000, 0x00000000ace00000, 0x00000000acf00000|  0%| F|  |TAMS 0x00000000ace00000, 0x00000000ace00000| Untracked 
| 207|0x00000000acf00000, 0x00000000acf00000, 0x00000000ad000000|  0%| F|  |TAMS 0x00000000acf00000, 0x00000000acf00000| Untracked 
| 208|0x00000000ad000000, 0x00000000ad000000, 0x00000000ad100000|  0%| F|  |TAMS 0x00000000ad000000, 0x00000000ad000000| Untracked 
| 209|0x00000000ad100000, 0x00000000ad100000, 0x00000000ad200000|  0%| F|  |TAMS 0x00000000ad100000, 0x00000000ad100000| Untracked 
| 210|0x00000000ad200000, 0x00000000ad200000, 0x00000000ad300000|  0%| F|  |TAMS 0x00000000ad200000, 0x00000000ad200000| Untracked 
| 211|0x00000000ad300000, 0x00000000ad300000, 0x00000000ad400000|  0%| F|  |TAMS 0x00000000ad300000, 0x00000000ad300000| Untracked 
| 212|0x00000000ad400000, 0x00000000ad400000, 0x00000000ad500000|  0%| F|  |TAMS 0x00000000ad400000, 0x00000000ad400000| Untracked 
| 213|0x00000000ad500000, 0x00000000ad500000, 0x00000000ad600000|  0%| F|  |TAMS 0x00000000ad500000, 0x00000000ad500000| Untracked 
| 214|0x00000000ad600000, 0x00000000ad600000, 0x00000000ad700000|  0%| F|  |TAMS 0x00000000ad600000, 0x00000000ad600000| Untracked 
| 215|0x00000000ad700000, 0x00000000ad700000, 0x00000000ad800000|  0%| F|  |TAMS 0x00000000ad700000, 0x00000000ad700000| Untracked 
| 216|0x00000000ad800000, 0x00000000ad800000, 0x00000000ad900000|  0%| F|  |TAMS 0x00000000ad800000, 0x00000000ad800000| Untracked 
| 217|0x00000000ad900000, 0x00000000ad900000, 0x00000000ada00000|  0%| F|  |TAMS 0x00000000ad900000, 0x00000000ad900000| Untracked 
| 218|0x00000000ada00000, 0x00000000ada00000, 0x00000000adb00000|  0%| F|  |TAMS 0x00000000ada00000, 0x00000000ada00000| Untracked 
| 219|0x00000000adb00000, 0x00000000adb00000, 0x00000000adc00000|  0%| F|  |TAMS 0x00000000adb00000, 0x00000000adb00000| Untracked 
| 220|0x00000000adc00000, 0x00000000adc00000, 0x00000000add00000|  0%| F|  |TAMS 0x00000000adc00000, 0x00000000adc00000| Untracked 
| 221|0x00000000add00000, 0x00000000add00000, 0x00000000ade00000|  0%| F|  |TAMS 0x00000000add00000, 0x00000000add00000| Untracked 
| 222|0x00000000ade00000, 0x00000000ade00000, 0x00000000adf00000|  0%| F|  |TAMS 0x00000000ade00000, 0x00000000ade00000| Untracked 
| 223|0x00000000adf00000, 0x00000000adf00000, 0x00000000ae000000|  0%| F|  |TAMS 0x00000000adf00000, 0x00000000adf00000| Untracked 
| 224|0x00000000ae000000, 0x00000000ae000000, 0x00000000ae100000|  0%| F|  |TAMS 0x00000000ae000000, 0x00000000ae000000| Untracked 
| 225|0x00000000ae100000, 0x00000000ae100000, 0x00000000ae200000|  0%| F|  |TAMS 0x00000000ae100000, 0x00000000ae100000| Untracked 
| 226|0x00000000ae200000, 0x00000000ae200000, 0x00000000ae300000|  0%| F|  |TAMS 0x00000000ae200000, 0x00000000ae200000| Untracked 
| 227|0x00000000ae300000, 0x00000000ae300000, 0x00000000ae400000|  0%| F|  |TAMS 0x00000000ae300000, 0x00000000ae300000| Untracked 
| 228|0x00000000ae400000, 0x00000000ae400000, 0x00000000ae500000|  0%| F|  |TAMS 0x00000000ae400000, 0x00000000ae400000| Untracked 
| 229|0x00000000ae500000, 0x00000000ae500000, 0x00000000ae600000|  0%| F|  |TAMS 0x00000000ae500000, 0x00000000ae500000| Untracked 
| 230|0x00000000ae600000, 0x00000000ae600000, 0x00000000ae700000|  0%| F|  |TAMS 0x00000000ae600000, 0x00000000ae600000| Untracked 
| 231|0x00000000ae700000, 0x00000000ae700000, 0x00000000ae800000|  0%| F|  |TAMS 0x00000000ae700000, 0x00000000ae700000| Untracked 
| 232|0x00000000ae800000, 0x00000000ae800000, 0x00000000ae900000|  0%| F|  |TAMS 0x00000000ae800000, 0x00000000ae800000| Untracked 
| 233|0x00000000ae900000, 0x00000000ae900000, 0x00000000aea00000|  0%| F|  |TAMS 0x00000000ae900000, 0x00000000ae900000| Untracked 
| 234|0x00000000aea00000, 0x00000000aea00000, 0x00000000aeb00000|  0%| F|  |TAMS 0x00000000aea00000, 0x00000000aea00000| Untracked 
| 235|0x00000000aeb00000, 0x00000000aeb00000, 0x00000000aec00000|  0%| F|  |TAMS 0x00000000aeb00000, 0x00000000aeb00000| Untracked 
| 236|0x00000000aec00000, 0x00000000aec00000, 0x00000000aed00000|  0%| F|  |TAMS 0x00000000aec00000, 0x00000000aec00000| Untracked 
| 237|0x00000000aed00000, 0x00000000aed00000, 0x00000000aee00000|  0%| F|  |TAMS 0x00000000aed00000, 0x00000000aed00000| Untracked 
| 238|0x00000000aee00000, 0x00000000aee00000, 0x00000000aef00000|  0%| F|  |TAMS 0x00000000aee00000, 0x00000000aee00000| Untracked 
| 239|0x00000000aef00000, 0x00000000aef00000, 0x00000000af000000|  0%| F|  |TAMS 0x00000000aef00000, 0x00000000aef00000| Untracked 
| 240|0x00000000af000000, 0x00000000af000000, 0x00000000af100000|  0%| F|  |TAMS 0x00000000af000000, 0x00000000af000000| Untracked 
| 241|0x00000000af100000, 0x00000000af100000, 0x00000000af200000|  0%| F|  |TAMS 0x00000000af100000, 0x00000000af100000| Untracked 
| 242|0x00000000af200000, 0x00000000af200000, 0x00000000af300000|  0%| F|  |TAMS 0x00000000af200000, 0x00000000af200000| Untracked 
| 243|0x00000000af300000, 0x00000000af300000, 0x00000000af400000|  0%| F|  |TAMS 0x00000000af300000, 0x00000000af300000| Untracked 
| 244|0x00000000af400000, 0x00000000af400000, 0x00000000af500000|  0%| F|  |TAMS 0x00000000af400000, 0x00000000af400000| Untracked 
| 245|0x00000000af500000, 0x00000000af500000, 0x00000000af600000|  0%| F|  |TAMS 0x00000000af500000, 0x00000000af500000| Untracked 
| 246|0x00000000af600000, 0x00000000af600000, 0x00000000af700000|  0%| F|  |TAMS 0x00000000af600000, 0x00000000af600000| Untracked 
| 247|0x00000000af700000, 0x00000000af700000, 0x00000000af800000|  0%| F|  |TAMS 0x00000000af700000, 0x00000000af700000| Untracked 
| 248|0x00000000af800000, 0x00000000af800000, 0x00000000af900000|  0%| F|  |TAMS 0x00000000af800000, 0x00000000af800000| Untracked 
| 249|0x00000000af900000, 0x00000000af900000, 0x00000000afa00000|  0%| F|  |TAMS 0x00000000af900000, 0x00000000af900000| Untracked 
| 250|0x00000000afa00000, 0x00000000afa00000, 0x00000000afb00000|  0%| F|  |TAMS 0x00000000afa00000, 0x00000000afa00000| Untracked 
| 251|0x00000000afb00000, 0x00000000afb00000, 0x00000000afc00000|  0%| F|  |TAMS 0x00000000afb00000, 0x00000000afb00000| Untracked 
| 252|0x00000000afc00000, 0x00000000afc00000, 0x00000000afd00000|  0%| F|  |TAMS 0x00000000afc00000, 0x00000000afc00000| Untracked 
| 253|0x00000000afd00000, 0x00000000afd00000, 0x00000000afe00000|  0%| F|  |TAMS 0x00000000afd00000, 0x00000000afd00000| Untracked 
| 254|0x00000000afe00000, 0x00000000afe00000, 0x00000000aff00000|  0%| F|  |TAMS 0x00000000afe00000, 0x00000000afe00000| Untracked 
| 255|0x00000000aff00000, 0x00000000aff00000, 0x00000000b0000000|  0%| F|  |TAMS 0x00000000aff00000, 0x00000000aff00000| Untracked 
| 256|0x00000000b0000000, 0x00000000b0000000, 0x00000000b0100000|  0%| F|  |TAMS 0x00000000b0000000, 0x00000000b0000000| Untracked 
| 257|0x00000000b0100000, 0x00000000b0100000, 0x00000000b0200000|  0%| F|  |TAMS 0x00000000b0100000, 0x00000000b0100000| Untracked 
| 258|0x00000000b0200000, 0x00000000b0200000, 0x00000000b0300000|  0%| F|  |TAMS 0x00000000b0200000, 0x00000000b0200000| Untracked 
| 259|0x00000000b0300000, 0x00000000b0300000, 0x00000000b0400000|  0%| F|  |TAMS 0x00000000b0300000, 0x00000000b0300000| Untracked 
| 260|0x00000000b0400000, 0x00000000b0400000, 0x00000000b0500000|  0%| F|  |TAMS 0x00000000b0400000, 0x00000000b0400000| Untracked 
| 261|0x00000000b0500000, 0x00000000b050ac20, 0x00000000b0600000|  4%| E|  |TAMS 0x00000000b0500000, 0x00000000b0500000| Complete 
| 262|0x00000000b0600000, 0x00000000b0700000, 0x00000000b0700000|100%| E|CS|TAMS 0x00000000b0600000, 0x00000000b0600000| Complete 
| 263|0x00000000b0700000, 0x00000000b0800000, 0x00000000b0800000|100%| E|CS|TAMS 0x00000000b0700000, 0x00000000b0700000| Complete 
| 264|0x00000000b0800000, 0x00000000b0900000, 0x00000000b0900000|100%| E|CS|TAMS 0x00000000b0800000, 0x00000000b0800000| Complete 
| 265|0x00000000b0900000, 0x00000000b0a00000, 0x00000000b0a00000|100%| E|CS|TAMS 0x00000000b0900000, 0x00000000b0900000| Complete 

Card table byte_map: [0x000001909ac10000,0x000001909af10000] _byte_map_base: 0x000001909a710000

Marking Bits (Prev, Next): (CMBitMap*) 0x0000019087b18f00, (CMBitMap*) 0x0000019087b18ec8
 Prev Bits: [0x000001909ca10000, 0x000001909e210000)
 Next Bits: [0x000001909b210000, 0x000001909ca10000)

Polling page: 0x00000190872c0000

Metaspace:

Usage:
  Non-class:     89.82 MB capacity,    87.23 MB ( 97%) used,     2.25 MB (  3%) free+waste,   352.56 KB ( <1%) overhead. 
      Class:     13.96 MB capacity,    12.62 MB ( 90%) used,     1.19 MB (  9%) free+waste,   158.13 KB (  1%) overhead. 
       Both:    103.78 MB capacity,    99.84 MB ( 96%) used,     3.44 MB (  3%) free+waste,   510.69 KB ( <1%) overhead. 

Virtual space:
  Non-class space:       90.00 MB reserved,      90.00 MB (100%) committed 
      Class space:        1.00 GB reserved,      14.00 MB (  1%) committed 
             Both:        1.09 GB reserved,     104.00 MB (  9%) committed 

Chunk freelists:
   Non-Class:  57.00 KB
       Class:  0 bytes
        Both:  57.00 KB

MaxMetaspaceSize: 17179869184.00 GB
CompressedClassSpaceSize: 1.00 GB

CodeHeap 'non-profiled nmethods': size=120000Kb used=11417Kb max_used=11417Kb free=108582Kb
 bounds [0x00000190930a0000, 0x0000019093bd0000, 0x000001909a5d0000]
CodeHeap 'profiled nmethods': size=120000Kb used=37566Kb max_used=37566Kb free=82433Kb
 bounds [0x000001908bb70000, 0x000001908e020000, 0x00000190930a0000]
CodeHeap 'non-nmethods': size=5760Kb used=2301Kb max_used=2356Kb free=3458Kb
 bounds [0x000001908b5d0000, 0x000001908b840000, 0x000001908bb70000]
 total_blobs=18620 nmethods=17716 adapters=814
 compilation: enabled
              stopped_count=0, restarted_count=0
 full_count=0

Compilation events (20 events):
Event: 4121.391 Thread 0x00000190a0c7a800 18333       3       org.gradle.api.internal.artifacts.dependencies.DefaultExternalModuleDependency::<init> (9 bytes)
Event: 4121.391 Thread 0x00000190a0c7a800 nmethod 18333 0x000001908e015a90 code [0x000001908e015ca0, 0x000001908e0160c8]
Event: 4121.391 Thread 0x00000190a0c7a800 18334       3       org.gradle.api.internal.artifacts.dependencies.DefaultExternalModuleDependency_Decorated::$gradleInit (15 bytes)
Event: 4121.392 Thread 0x00000190a0c7a800 nmethod 18334 0x000001908e016310 code [0x000001908e016500, 0x000001908e016b18]
Event: 4121.392 Thread 0x00000190a0c7a800 18335       1       com.google.wireless.android.sdk.stats.GradleBuildProfileSpan$Builder::getId (5 bytes)
Event: 4121.392 Thread 0x00000190a0c7a800 nmethod 18335 0x0000019093bc1690 code [0x0000019093bc1840, 0x0000019093bc18f8]
Event: 4121.392 Thread 0x00000190a0c7a800 18336       1       com.google.wireless.android.sdk.stats.GradleBuildProfileSpan$Builder::getStartTimeInMs (5 bytes)
Event: 4121.392 Thread 0x00000190a0c7a800 nmethod 18336 0x0000019093bc1990 code [0x0000019093bc1b40, 0x0000019093bc1bf8]
Event: 4121.392 Thread 0x00000190a0c7a800 18337       3       org.gradle.api.internal.artifacts.dsl.ParsedModuleStringNotation::assignValuesFromModuleNotation (115 bytes)
Event: 4121.394 Thread 0x00000190a0c7a800 nmethod 18337 0x000001908e016c90 code [0x000001908e016fe0, 0x000001908e0181e8]
Event: 4121.395 Thread 0x00000190a0c7a800 18338       3       org.gradle.internal.metaobject.ConfigureDelegate::_configure (4 bytes)
Event: 4121.395 Thread 0x00000190a0c7a800 nmethod 18338 0x000001908e018990 code [0x000001908e018b40, 0x000001908e018c98]
Event: 4121.668 Thread 0x00000190a0c73000 nmethod 18301 0x0000019093bc1c90 code [0x0000019093bc1f00, 0x0000019093bc4130]
Event: 4121.668 Thread 0x00000190a0c73000 18319       4       org.gradle.api.internal.artifacts.ivyservice.resolveengine.graph.builder.DependencyGraphBuilder::resolveEdges (43 bytes)
Event: 4121.687 Thread 0x00000190a0c7a800 18340       3       com.android.build.gradle.internal.dsl.LanguageSplitOptions_Decorated::isEnable (45 bytes)
Event: 4121.689 Thread 0x00000190a0c7a800 nmethod 18340 0x000001908e018d90 code [0x000001908e018fc0, 0x000001908e019768]
Event: 4121.703 Thread 0x00000190a0c7a800 18341       3       com.android.build.gradle.internal.dsl.Splits_Decorated::getAbi (39 bytes)
Event: 4121.704 Thread 0x00000190a0c7a800 nmethod 18341 0x000001908e019a10 code [0x000001908e019c40, 0x000001908e01a308]
Event: 4121.709 Thread 0x00000190a0c7a800 18342       3       com.android.build.gradle.internal.variant.VariantPathHelper::getGeneratedDir (19 bytes)
Event: 4121.710 Thread 0x00000190a0c7a800 nmethod 18342 0x000001908e01a510 code [0x000001908e01a720, 0x000001908e01ad18]

GC Heap History (20 events):
Event: 1014.544 GC heap before
{Heap before GC invocations=72 (full 0):
 garbage-first heap   total 272384K, used 194704K [0x00000000a0000000, 0x0000000100000000)
  region size 1024K, 71 young (72704K), 2 survivors (2048K)
 Metaspace       used 98844K, capacity 102380K, committed 102784K, reserved 1138688K
  class space    used 12634K, capacity 13781K, committed 13952K, reserved 1048576K
}
Event: 1014.803 GC heap after
{Heap after GC invocations=73 (full 0):
 garbage-first heap   total 272384K, used 127377K [0x00000000a0000000, 0x0000000100000000)
  region size 1024K, 5 young (5120K), 5 survivors (5120K)
 Metaspace       used 98844K, capacity 102380K, committed 102784K, reserved 1138688K
  class space    used 12634K, capacity 13781K, committed 13952K, reserved 1048576K
}
Event: 3218.641 GC heap before
{Heap before GC invocations=74 (full 0):
 garbage-first heap   total 272384K, used 200081K [0x00000000a0000000, 0x0000000100000000)
  region size 1024K, 77 young (78848K), 5 survivors (5120K)
 Metaspace       used 99195K, capacity 102699K, committed 103040K, reserved 1138688K
  class space    used 12650K, capacity 13805K, committed 13952K, reserved 1048576K
}
Event: 3218.698 GC heap after
{Heap after GC invocations=75 (full 0):
 garbage-first heap   total 272384K, used 130871K [0x00000000a0000000, 0x0000000100000000)
  region size 1024K, 8 young (8192K), 8 survivors (8192K)
 Metaspace       used 99195K, capacity 102699K, committed 103040K, reserved 1138688K
  class space    used 12650K, capacity 13805K, committed 13952K, reserved 1048576K
}
Event: 3220.053 GC heap before
{Heap before GC invocations=75 (full 0):
 garbage-first heap   total 272384K, used 209719K [0x00000000a0000000, 0x0000000100000000)
  region size 1024K, 86 young (88064K), 8 survivors (8192K)
 Metaspace       used 100213K, capacity 103845K, committed 104064K, reserved 1138688K
  class space    used 12747K, capacity 13939K, committed 13952K, reserved 1048576K
}
Event: 3220.149 GC heap after
{Heap after GC invocations=76 (full 0):
 garbage-first heap   total 272384K, used 138358K [0x00000000a0000000, 0x0000000100000000)
  region size 1024K, 11 young (11264K), 11 survivors (11264K)
 Metaspace       used 100213K, capacity 103845K, committed 104064K, reserved 1138688K
  class space    used 12747K, capacity 13939K, committed 13952K, reserved 1048576K
}
Event: 3823.390 GC heap before
{Heap before GC invocations=77 (full 0):
 garbage-first heap   total 272384K, used 215158K [0x00000000a0000000, 0x0000000100000000)
  region size 1024K, 86 young (88064K), 11 survivors (11264K)
 Metaspace       used 100133K, capacity 103632K, committed 104192K, reserved 1138688K
  class space    used 12691K, capacity 13848K, committed 14080K, reserved 1048576K
}
Event: 3823.531 GC heap after
{Heap after GC invocations=78 (full 0):
 garbage-first heap   total 272384K, used 133182K [0x00000000a0000000, 0x0000000100000000)
  region size 1024K, 5 young (5120K), 5 survivors (5120K)
 Metaspace       used 100133K, capacity 103632K, committed 104192K, reserved 1138688K
  class space    used 12691K, capacity 13848K, committed 14080K, reserved 1048576K
}
Event: 3823.845 GC heap before
{Heap before GC invocations=78 (full 0):
 garbage-first heap   total 272384K, used 141374K [0x00000000a0000000, 0x0000000100000000)
  region size 1024K, 13 young (13312K), 5 survivors (5120K)
 Metaspace       used 100199K, capacity 103726K, committed 104192K, reserved 1138688K
  class space    used 12696K, capacity 13856K, committed 14080K, reserved 1048576K
}
Event: 3824.021 GC heap after
{Heap after GC invocations=79 (full 0):
 garbage-first heap   total 272384K, used 112848K [0x00000000a0000000, 0x0000000100000000)
  region size 1024K, 2 young (2048K), 2 survivors (2048K)
 Metaspace       used 100199K, capacity 103726K, committed 104192K, reserved 1138688K
  class space    used 12696K, capacity 13856K, committed 14080K, reserved 1048576K
}
Event: 3824.548 GC heap before
{Heap before GC invocations=79 (full 0):
 garbage-first heap   total 272384K, used 124112K [0x00000000a0000000, 0x0000000100000000)
  region size 1024K, 13 young (13312K), 2 survivors (2048K)
 Metaspace       used 100269K, capacity 103751K, committed 104192K, reserved 1138688K
  class space    used 12699K, capacity 13862K, committed 14080K, reserved 1048576K
}
Event: 3824.707 GC heap after
{Heap after GC invocations=80 (full 0):
 garbage-first heap   total 272384K, used 107084K [0x00000000a0000000, 0x0000000100000000)
  region size 1024K, 2 young (2048K), 2 survivors (2048K)
 Metaspace       used 100269K, capacity 103751K, committed 104192K, reserved 1138688K
  class space    used 12699K, capacity 13862K, committed 14080K, reserved 1048576K
}
Event: 3824.991 GC heap before
{Heap before GC invocations=80 (full 0):
 garbage-first heap   total 272384K, used 117324K [0x00000000a0000000, 0x0000000100000000)
  region size 1024K, 13 young (13312K), 2 survivors (2048K)
 Metaspace       used 100358K, capacity 103893K, committed 104448K, reserved 1140736K
  class space    used 12710K, capacity 13882K, committed 14080K, reserved 1048576K
}
Event: 3825.029 GC heap after
{Heap after GC invocations=81 (full 0):
 garbage-first heap   total 272384K, used 107831K [0x00000000a0000000, 0x0000000100000000)
  region size 1024K, 2 young (2048K), 2 survivors (2048K)
 Metaspace       used 100358K, capacity 103893K, committed 104448K, reserved 1140736K
  class space    used 12710K, capacity 13882K, committed 14080K, reserved 1048576K
}
Event: 3913.857 GC heap before
{Heap before GC invocations=81 (full 0):
 garbage-first heap   total 272384K, used 201015K [0x00000000a0000000, 0x0000000100000000)
  region size 1024K, 94 young (96256K), 2 survivors (2048K)
 Metaspace       used 101276K, capacity 105029K, committed 105216K, reserved 1140736K
  class space    used 12804K, capacity 14049K, committed 14080K, reserved 1048576K
}
Event: 3913.928 GC heap after
{Heap after GC invocations=82 (full 0):
 garbage-first heap   total 272384K, used 121692K [0x00000000a0000000, 0x0000000100000000)
  region size 1024K, 12 young (12288K), 12 survivors (12288K)
 Metaspace       used 101276K, capacity 105029K, committed 105216K, reserved 1140736K
  class space    used 12804K, capacity 14049K, committed 14080K, reserved 1048576K
}
Event: 3921.207 GC heap before
{Heap before GC invocations=82 (full 0):
 garbage-first heap   total 272384K, used 207708K [0x00000000a0000000, 0x0000000100000000)
  region size 1024K, 97 young (99328K), 12 survivors (12288K)
 Metaspace       used 102029K, capacity 106019K, committed 106240K, reserved 1140736K
  class space    used 12913K, capacity 14282K, committed 14336K, reserved 1048576K
}
Event: 3921.411 GC heap after
{Heap after GC invocations=83 (full 0):
 garbage-first heap   total 272384K, used 135952K [0x00000000a0000000, 0x0000000100000000)
  region size 1024K, 13 young (13312K), 13 survivors (13312K)
 Metaspace       used 102029K, capacity 106019K, committed 106240K, reserved 1140736K
  class space    used 12913K, capacity 14282K, committed 14336K, reserved 1048576K
}
Event: 4121.408 GC heap before
{Heap before GC invocations=83 (full 0):
 garbage-first heap   total 272384K, used 211728K [0x00000000a0000000, 0x0000000100000000)
  region size 1024K, 88 young (90112K), 13 survivors (13312K)
 Metaspace       used 102228K, capacity 106264K, committed 106496K, reserved 1140736K
  class space    used 12920K, capacity 14294K, committed 14336K, reserved 1048576K
}
Event: 4121.662 GC heap after
{Heap after GC invocations=84 (full 0):
 garbage-first heap   total 272384K, used 147884K [0x00000000a0000000, 0x0000000100000000)
  region size 1024K, 11 young (11264K), 11 survivors (11264K)
 Metaspace       used 102228K, capacity 106264K, committed 106496K, reserved 1140736K
  class space    used 12920K, capacity 14294K, committed 14336K, reserved 1048576K
}

Deoptimization events (20 events):
Event: 4121.335 Thread 0x00000190a9c8a000 DEOPT PACKING pc=0x0000019093baf9ac sp=0x0000003bc86f9370
Event: 4121.335 Thread 0x00000190a9c8a000 DEOPT UNPACKING pc=0x000001908b5f78af sp=0x0000003bc86f8fb0 mode 2
Event: 4121.336 Thread 0x00000190a9c8a000 Uncommon trap: trap_request=0xffffffbe fr.pc=0x0000019093baf9ac relative=0x000000000000676c
Event: 4121.336 Thread 0x00000190a9c8a000 Uncommon trap: reason=profile_predicate action=maybe_recompile pc=0x0000019093baf9ac method=org.gradle.api.internal.artifacts.ivyservice.resolveengine.ComponentResolversChain$DependencyToComponentIdResolverChain.resolve(Lorg/gradle/internal/component/mode
Event: 4121.336 Thread 0x00000190a9c8a000 DEOPT PACKING pc=0x0000019093baf9ac sp=0x0000003bc86f9370
Event: 4121.336 Thread 0x00000190a9c8a000 DEOPT UNPACKING pc=0x000001908b5f78af sp=0x0000003bc86f8fb0 mode 2
Event: 4121.337 Thread 0x00000190a9c8a000 Uncommon trap: trap_request=0xffffffbe fr.pc=0x0000019093baf9ac relative=0x000000000000676c
Event: 4121.337 Thread 0x00000190a9c8a000 Uncommon trap: reason=profile_predicate action=maybe_recompile pc=0x0000019093baf9ac method=org.gradle.api.internal.artifacts.ivyservice.resolveengine.ComponentResolversChain$DependencyToComponentIdResolverChain.resolve(Lorg/gradle/internal/component/mode
Event: 4121.337 Thread 0x00000190a9c8a000 DEOPT PACKING pc=0x0000019093baf9ac sp=0x0000003bc86f9370
Event: 4121.337 Thread 0x00000190a9c8a000 DEOPT UNPACKING pc=0x000001908b5f78af sp=0x0000003bc86f8fb0 mode 2
Event: 4121.370 Thread 0x00000190a9c8a000 Uncommon trap: trap_request=0xffffffd6 fr.pc=0x0000019093bb9434 relative=0x0000000000000af4
Event: 4121.370 Thread 0x00000190a9c8a000 Uncommon trap: reason=array_check action=maybe_recompile pc=0x0000019093bb9434 method=com.google.common.collect.RegularImmutableMap.fromEntryArray(I[Ljava/util/Map$Entry;)Lcom/google/common/collect/ImmutableMap; @ 157 c2
Event: 4121.370 Thread 0x00000190a9c8a000 DEOPT PACKING pc=0x0000019093bb9434 sp=0x0000003bc86f9c20
Event: 4121.370 Thread 0x00000190a9c8a000 DEOPT UNPACKING pc=0x000001908b5f78af sp=0x0000003bc86f9bd0 mode 2
Event: 4121.382 Thread 0x00000190a9c8a000 Uncommon trap: trap_request=0xffffffd6 fr.pc=0x0000019093bb9434 relative=0x0000000000000af4
Event: 4121.382 Thread 0x00000190a9c8a000 Uncommon trap: reason=array_check action=maybe_recompile pc=0x0000019093bb9434 method=com.google.common.collect.RegularImmutableMap.fromEntryArray(I[Ljava/util/Map$Entry;)Lcom/google/common/collect/ImmutableMap; @ 157 c2
Event: 4121.382 Thread 0x00000190a9c8a000 DEOPT PACKING pc=0x0000019093bb9434 sp=0x0000003bc86f65d0
Event: 4121.382 Thread 0x00000190a9c8a000 DEOPT UNPACKING pc=0x000001908b5f78af sp=0x0000003bc86f6580 mode 2
Event: 4121.392 Thread 0x00000190a9c8a000 DEOPT PACKING pc=0x000001908d294830 sp=0x0000003bc86f83e0
Event: 4121.392 Thread 0x00000190a9c8a000 DEOPT UNPACKING pc=0x000001908b5f76ce sp=0x0000003bc86f7918 mode 0

Classes redefined (0 events):
No events

Internal exceptions (20 events):
Event: 3220.864 Thread 0x00000190a9c8f000 Implicit null exception at 0x0000019093220646 to 0x00000190932209bc
Event: 3820.681 Thread 0x00000190a9c90800 Implicit null exception at 0x000001909335f0ce to 0x000001909335f664
Event: 3821.566 Thread 0x00000190a9c90800 Implicit null exception at 0x000001909338051b to 0x00000190933805e4
Event: 3821.853 Thread 0x00000190a9c90800 Implicit null exception at 0x000001909339f17c to 0x00000190933a3c5c
Event: 3821.862 Thread 0x00000190a9c90800 Implicit null exception at 0x00000190933a8931 to 0x00000190933a96c8
Event: 3822.115 Thread 0x00000190a9c90800 Exception <a 'java/lang/NoSuchMethodError'{0x00000000ad339d00}: 'java.lang.Object java.lang.invoke.DelegatingMethodHandle$Holder.reinvoke_L(java.lang.Object, java.lang.Object, java.lang.Object, java.lang.Object, java.lang.Object, java.lang.Object, java.lang.Object, java.lang.Object, java.lang.Object, java.lang.Object, java.lang.Object, java.lang.Object, java.lang.Object, java.lang.Object, java.lang.Object, java.lang.Object, java.lang.Object, java.lang.Object, java.lang.Object, java.lang.Object)'> (0x000000
Event: 3822.160 Thread 0x00000190a9c90800 Exception <a 'java/lang/NoSuchMethodError'{0x00000000ad39e900}: 'java.lang.Object java.lang.invoke.DelegatingMethodHandle$Holder.reinvoke_L(java.lang.Object, java.lang.Object, java.lang.Object, java.lang.Object, java.lang.Object, java.lang.Object, java.lang.Object, java.lang.Object, java.lang.Object, java.lang.Object, java.lang.Object, java.lang.Object, java.lang.Object, java.lang.Object, java.lang.Object, java.lang.Object, java.lang.Object, java.lang.Object, java.lang.Object)'> (0x00000000ad39e900) thrown
Event: 3822.883 Thread 0x00000190a9c90800 Exception <a 'sun/nio/fs/WindowsException'{0x00000000ac35dd88}> (0x00000000ac35dd88) thrown at [./src/hotspot/share/prims/jni.cpp, line 615]
Event: 3826.078 Thread 0x00000190a9c90800 Exception <a 'sun/nio/fs/WindowsException'{0x00000000af2f0088}> (0x00000000af2f0088) thrown at [./src/hotspot/share/prims/jni.cpp, line 615]
Event: 3840.018 Thread 0x00000190a9c90800 Exception <a 'java/lang/reflect/InvocationTargetException'{0x00000000acade590}> (0x00000000acade590) thrown at [./src/hotspot/share/runtime/reflection.cpp, line 1247]
Event: 3840.561 Thread 0x00000190a9c90000 Exception <a 'java/lang/NoSuchMethodError'{0x00000000ac02a468}: <clinit>> (0x00000000ac02a468) thrown at [./src/hotspot/share/prims/jni.cpp, line 1362]
Event: 3840.563 Thread 0x00000190a9c90000 Exception <a 'java/lang/NoSuchMethodError'{0x00000000ac03c148}: <clinit>> (0x00000000ac03c148) thrown at [./src/hotspot/share/prims/jni.cpp, line 1362]
Event: 3840.563 Thread 0x00000190a9c90000 Exception <a 'java/lang/NoSuchMethodError'{0x00000000ac03dad0}: <clinit>> (0x00000000ac03dad0) thrown at [./src/hotspot/share/prims/jni.cpp, line 1362]
Event: 3840.565 Thread 0x00000190a9c90000 Exception <a 'java/lang/NoSuchMethodError'{0x00000000ac050b30}: <clinit>> (0x00000000ac050b30) thrown at [./src/hotspot/share/prims/jni.cpp, line 1362]
Event: 3840.566 Thread 0x00000190a9c90000 Exception <a 'java/lang/NoSuchMethodError'{0x00000000ac05db20}: <clinit>> (0x00000000ac05db20) thrown at [./src/hotspot/share/prims/jni.cpp, line 1362]
Event: 3913.701 Thread 0x00000190a9c8e800 Exception <a 'sun/nio/fs/WindowsException'{0x00000000aad25b48}> (0x00000000aad25b48) thrown at [./src/hotspot/share/prims/jni.cpp, line 615]
Event: 3914.728 Thread 0x00000190a9c8e800 Exception <a 'sun/nio/fs/WindowsException'{0x00000000ad762048}> (0x00000000ad762048) thrown at [./src/hotspot/share/prims/jni.cpp, line 615]
Event: 3929.900 Thread 0x00000190a9c8e800 Exception <a 'java/lang/reflect/InvocationTargetException'{0x00000000b094ca58}> (0x00000000b094ca58) thrown at [./src/hotspot/share/runtime/reflection.cpp, line 1247]
Event: 4119.295 Thread 0x00000190a9c8a000 Exception <a 'sun/nio/fs/WindowsException'{0x00000000aed7ea00}> (0x00000000aed7ea00) thrown at [./src/hotspot/share/prims/jni.cpp, line 615]
Event: 4120.681 Thread 0x00000190a9c8a000 Implicit null exception at 0x0000019093ba0e85 to 0x0000019093ba11b4

Events (20 events):
Event: 4119.033 Thread 0x00000190acfdf800 Thread added: 0x00000190acfdf800
Event: 4119.034 Thread 0x00000190acfde800 Thread added: 0x00000190acfde800
Event: 4119.034 Thread 0x00000190acfe0000 Thread added: 0x00000190acfe0000
Event: 4119.034 Thread 0x00000190acfdd000 Thread added: 0x00000190acfdd000
Event: 4119.034 Thread 0x00000190acfe1000 Thread added: 0x00000190acfe1000
Event: 4119.035 Thread 0x00000190acfdd800 Thread added: 0x00000190acfdd800
Event: 4119.035 Thread 0x00000190acfdb000 Thread added: 0x00000190acfdb000
Event: 4119.035 Thread 0x00000190acfe2800 Thread added: 0x00000190acfe2800
Event: 4119.035 Thread 0x00000190acfe6800 Thread added: 0x00000190acfe6800
Event: 4119.038 Thread 0x00000190acfe5000 Thread added: 0x00000190acfe5000
Event: 4119.039 Thread 0x00000190acfe4000 Thread added: 0x00000190acfe4000
Event: 4119.039 Thread 0x00000190acfe6000 Thread added: 0x00000190acfe6000
Event: 4119.040 Thread 0x00000190acfe7800 Thread added: 0x00000190acfe7800
Event: 4119.041 Thread 0x00000190acfe1800 Thread added: 0x00000190acfe1800
Event: 4119.042 Thread 0x00000190acfe8000 Thread added: 0x00000190acfe8000
Event: 4119.043 Thread 0x00000190acfe9000 Thread added: 0x00000190acfe9000
Event: 4119.044 Thread 0x00000190acfe3800 Thread added: 0x00000190acfe3800
Event: 4119.320 Thread 0x00000190acfea000 Thread added: 0x00000190acfea000
Event: 4121.407 Executing VM operation: G1CollectForAllocation
Event: 4121.662 Executing VM operation: G1CollectForAllocation done


Dynamic libraries:
0x00007ff754600000 - 0x00007ff75460a000 	D:\pc-apps\android\android-studio\jre\bin\java.exe
0x00007ffc26770000 - 0x00007ffc26965000 	C:\Windows\SYSTEM32\ntdll.dll
0x00007ffc24bb0000 - 0x00007ffc24c6e000 	C:\Windows\System32\KERNEL32.DLL
0x00007ffc24000000 - 0x00007ffc242c8000 	C:\Windows\System32\KERNELBASE.dll
0x00007ffc244d0000 - 0x00007ffc245d0000 	C:\Windows\System32\ucrtbase.dll
0x00007ffc0ab70000 - 0x00007ffc0ab89000 	D:\pc-apps\android\android-studio\jre\bin\jli.dll
0x00007ffc0ab90000 - 0x00007ffc0aba7000 	D:\pc-apps\android\android-studio\jre\bin\VCRUNTIME140.dll
0x00007ffc25900000 - 0x00007ffc25aa1000 	C:\Windows\System32\USER32.dll
0x00007ffc0e860000 - 0x00007ffc0eafa000 	C:\Windows\WinSxS\amd64_microsoft.windows.common-controls_6595b64144ccf1df_6.0.19041.1110_none_60b5254171f9507e\COMCTL32.dll
0x00007ffc23e90000 - 0x00007ffc23eb2000 	C:\Windows\System32\win32u.dll
0x00007ffc24b10000 - 0x00007ffc24bae000 	C:\Windows\System32\msvcrt.dll
0x00007ffc24ab0000 - 0x00007ffc24adb000 	C:\Windows\System32\GDI32.dll
0x00007ffc24370000 - 0x00007ffc2447b000 	C:\Windows\System32\gdi32full.dll
0x00007ffc242d0000 - 0x00007ffc2436d000 	C:\Windows\System32\msvcp_win.dll
0x00007ffc24ae0000 - 0x00007ffc24b10000 	C:\Windows\System32\IMM32.DLL
0x00007ffbfe8c0000 - 0x00007ffbfe95d000 	D:\pc-apps\android\android-studio\jre\bin\msvcp140.dll
0x00007ffbeb190000 - 0x00007ffbebc5f000 	D:\pc-apps\android\android-studio\jre\bin\server\jvm.dll
0x00007ffc247c0000 - 0x00007ffc2486c000 	C:\Windows\System32\ADVAPI32.dll
0x00007ffc249a0000 - 0x00007ffc24a3b000 	C:\Windows\System32\sechost.dll
0x00007ffc261f0000 - 0x00007ffc2631a000 	C:\Windows\System32\RPCRT4.dll
0x00007ffc261e0000 - 0x00007ffc261e8000 	C:\Windows\System32\PSAPI.DLL
0x00007ffc0bca0000 - 0x00007ffc0bca9000 	C:\Windows\SYSTEM32\WSOCK32.dll
0x00007ffc19cf0000 - 0x00007ffc19d17000 	C:\Windows\SYSTEM32\WINMM.dll
0x00007ffc1c0d0000 - 0x00007ffc1c0da000 	C:\Windows\SYSTEM32\VERSION.dll
0x00007ffc26170000 - 0x00007ffc261db000 	C:\Windows\System32\WS2_32.dll
0x00007ffc21d90000 - 0x00007ffc21da2000 	C:\Windows\SYSTEM32\kernel.appcore.dll
0x00007ffc0ab50000 - 0x00007ffc0ab61000 	D:\pc-apps\android\android-studio\jre\bin\verify.dll
0x00007ffc15ab0000 - 0x00007ffc15c94000 	C:\Windows\SYSTEM32\DBGHELP.DLL
0x00007ffc15a50000 - 0x00007ffc15a7c000 	C:\Windows\SYSTEM32\dbgcore.DLL
0x00007ffc23f70000 - 0x00007ffc23ff3000 	C:\Windows\System32\bcryptPrimitives.dll
0x00007ffc04400000 - 0x00007ffc04429000 	D:\pc-apps\android\android-studio\jre\bin\java.dll
0x00007ffc0ab40000 - 0x00007ffc0ab4b000 	D:\pc-apps\android\android-studio\jre\bin\jimage.dll
0x00007ffc06970000 - 0x00007ffc06988000 	D:\pc-apps\android\android-studio\jre\bin\zip.dll
0x00007ffc251c0000 - 0x00007ffc258ff000 	C:\Windows\System32\SHELL32.dll
0x00007ffc21f90000 - 0x00007ffc22720000 	C:\Windows\SYSTEM32\windows.storage.dll
0x00007ffc25c80000 - 0x00007ffc25fd5000 	C:\Windows\System32\combase.dll
0x00007ffc23810000 - 0x00007ffc2383e000 	C:\Windows\SYSTEM32\Wldp.dll
0x00007ffc265b0000 - 0x00007ffc2665d000 	C:\Windows\System32\SHCORE.dll
0x00007ffc25fe0000 - 0x00007ffc26035000 	C:\Windows\System32\shlwapi.dll
0x00007ffc23dd0000 - 0x00007ffc23def000 	C:\Windows\SYSTEM32\profapi.dll
0x00007ffc01d50000 - 0x00007ffc01d6a000 	D:\pc-apps\android\android-studio\jre\bin\net.dll
0x00007ffc16ec0000 - 0x00007ffc16fcc000 	C:\Windows\SYSTEM32\WINHTTP.dll
0x00007ffc23570000 - 0x00007ffc235da000 	C:\Windows\system32\mswsock.dll
0x00007ffbff750000 - 0x00007ffbff764000 	D:\pc-apps\android\android-studio\jre\bin\nio.dll
0x00007ffbff720000 - 0x00007ffbff747000 	C:\Users\sabar\.gradle\native\e1d6ef7f7dcc3fd88c89a11ec53ec762bb8ba0a96d01ffa2cd45eb1d1d8dd5c5\windows-amd64\native-platform.dll
0x00007ffbfab30000 - 0x00007ffbfac74000 	C:\Users\sabar\.gradle\native\5664cfc778a61ccfe75a443a1ab52a65af34e5dc3c78e0209fed803814484fcb\windows-amd64\native-platform-file-events.dll
0x00007ffc07b70000 - 0x00007ffc07b7a000 	D:\pc-apps\android\android-studio\jre\bin\management.dll
0x00007ffc076f0000 - 0x00007ffc076fc000 	D:\pc-apps\android\android-studio\jre\bin\management_ext.dll
0x00007ffc23770000 - 0x00007ffc23788000 	C:\Windows\SYSTEM32\CRYPTSP.dll
0x00007ffc22ef0000 - 0x00007ffc22f24000 	C:\Windows\system32\rsaenh.dll
0x00007ffc245d0000 - 0x00007ffc245f7000 	C:\Windows\System32\bcrypt.dll
0x00007ffc23d90000 - 0x00007ffc23dbe000 	C:\Windows\SYSTEM32\USERENV.dll
0x00007ffc23760000 - 0x00007ffc2376c000 	C:\Windows\SYSTEM32\CRYPTBASE.dll
0x00007ffc23260000 - 0x00007ffc2329b000 	C:\Windows\SYSTEM32\IPHLPAPI.DLL
0x00007ffc26160000 - 0x00007ffc26168000 	C:\Windows\System32\NSI.dll
0x00007ffc1bd30000 - 0x00007ffc1bd47000 	C:\Windows\SYSTEM32\dhcpcsvc6.DLL
0x00007ffc1c0e0000 - 0x00007ffc1c0fd000 	C:\Windows\SYSTEM32\dhcpcsvc.DLL
0x00007ffc232a0000 - 0x00007ffc2336b000 	C:\Windows\SYSTEM32\DNSAPI.dll
0x00007ffc1cea0000 - 0x00007ffc1cec7000 	D:\pc-apps\android\android-studio\jre\bin\sunec.dll

dbghelp: loaded successfully - version: 4.0.5 - missing functions: none
symbol engine: initialized successfully - sym options: 0x614 - pdb path: .;D:\pc-apps\android\android-studio\jre\bin;C:\Windows\SYSTEM32;C:\Windows\WinSxS\amd64_microsoft.windows.common-controls_6595b64144ccf1df_6.0.19041.1110_none_60b5254171f9507e;D:\pc-apps\android\android-studio\jre\bin\server;C:\Users\sabar\.gradle\native\e1d6ef7f7dcc3fd88c89a11ec53ec762bb8ba0a96d01ffa2cd45eb1d1d8dd5c5\windows-amd64;C:\Users\sabar\.gradle\native\5664cfc778a61ccfe75a443a1ab52a65af34e5dc3c78e0209fed803814484fcb\windows-amd64

VM Arguments:
jvm_args: --add-opens=java.base/java.util=ALL-UNNAMED --add-opens=java.base/java.lang=ALL-UNNAMED --add-opens=java.base/java.lang.invoke=ALL-UNNAMED --add-opens=java.base/java.util=ALL-UNNAMED --add-opens=java.prefs/java.util.prefs=ALL-UNNAMED --add-opens=java.prefs/java.util.prefs=ALL-UNNAMED --add-opens=java.base/java.nio.charset=ALL-UNNAMED --add-opens=java.base/java.net=ALL-UNNAMED --add-opens=java.base/java.util.concurrent.atomic=ALL-UNNAMED -Xmx1536M -Dfile.encoding=windows-1252 -Duser.country=IN -Duser.language=en -Duser.variant 
java_command: org.gradle.launcher.daemon.bootstrap.GradleDaemon 7.3
java_class_path (initial): C:\Users\sabar\.gradle\wrapper\dists\gradle-7.3-all\dfe0rb4hnplvqkibhoc45how8\gradle-7.3\lib\gradle-launcher-7.3.jar
Launcher Type: SUN_STANDARD

[Global flags]
     intx CICompilerCount                          = 4                                         {product} {ergonomic}
     uint ConcGCThreads                            = 2                                         {product} {ergonomic}
     uint G1ConcRefinementThreads                  = 8                                         {product} {ergonomic}
   size_t G1HeapRegionSize                         = 1048576                                   {product} {ergonomic}
    uintx GCDrainStackTargetSize                   = 64                                        {product} {ergonomic}
   size_t InitialHeapSize                          = 100663296                                 {product} {ergonomic}
   size_t MarkStackSize                            = 4194304                                   {product} {ergonomic}
   size_t MaxHeapSize                              = 1610612736                                {product} {command line}
   size_t MaxNewSize                               = 965738496                                 {product} {ergonomic}
   size_t MinHeapDeltaBytes                        = 1048576                                   {product} {ergonomic}
    uintx NonNMethodCodeHeapSize                   = 5836300                                {pd product} {ergonomic}
    uintx NonProfiledCodeHeapSize                  = 122910970                              {pd product} {ergonomic}
    uintx ProfiledCodeHeapSize                     = 122910970                              {pd product} {ergonomic}
    uintx ReservedCodeCacheSize                    = 251658240                              {pd product} {ergonomic}
     bool SegmentedCodeCache                       = true                                      {product} {ergonomic}
     bool UseCompressedClassPointers               = true                                 {lp64_product} {ergonomic}
     bool UseCompressedOops                        = true                                 {lp64_product} {ergonomic}
     bool UseG1GC                                  = true                                      {product} {ergonomic}
     bool UseLargePagesIndividualAllocation        = false                                  {pd product} {ergonomic}

Logging:
Log output configuration:
 #0: stdout all=warning uptime,level,tags
 #1: stderr all=off uptime,level,tags

Environment Variables:
JAVA_HOME=D:\pc-apps\android\android-studio\jre
CLASSPATH=D:\projects\students_app\android\\gradle\wrapper\gradle-wrapper.jar
PATH=C:\Windows\system32;C:\Windows;C:\Windows\System32\Wbem;C:\Windows\System32\WindowsPowerShell\v1.0\;C:\Windows\System32\OpenSSH\;D:\system-apps\gradle\bin;C:\Program Files\PowerShell\7\;D:\system-apps\Git\cmd;D:\pc-apps\Git\cmd;C:\Users\sabar\AppData\Local\Microsoft\WindowsApps;D:\pc-apps\flutter\bin;D:\pc-apps\Microsoft VS Code\bin;D:\pc-apps\Git\bin;D:\pc-apps\gradle\bin;
USERNAME=sabar
OS=Windows_NT
PROCESSOR_IDENTIFIER=AMD64 Family 23 Model 24 Stepping 1, AuthenticAMD



---------------  S Y S T E M  ---------------

OS: Windows 10 , 64 bit Build 19041 (10.0.19041.1320)
OS uptime: 0 days 19:52 hours

CPU:total 8 (initial active 8) (8 cores per cpu, 2 threads per core) family 23 model 24 stepping 1 microcode 0x0, cmov, cx8, fxsr, mmx, sse, sse2, sse3, ssse3, sse4.1, sse4.2, popcnt, avx, avx2, aes, clmul, mmxext, 3dnowpref, lzcnt, sse4a, ht, tsc, tscinvbit, tscinv, bmi1, bmi2, adx, s

Memory: 4k page, system-wide physical 6020M (423M free)
TotalPageFile size 14868M (AvailPageFile size 173M)
current process WorkingSet (physical memory assigned to process): 294M, peak: 537M
current process commit charge ("private bytes"): 614M, peak: 650M

vm_info: OpenJDK 64-Bit Server VM (11.0.10+0-b96-7249189) for windows-amd64 JRE (11.0.10+0-b96-7249189), built on Mar 31 2021 21:44:00 by "builder" with MS VC++ 14.0 (VS2015)

END.
