#
# There is insufficient memory for the Java Runtime Environment to continue.
# Native memory allocation (malloc) failed to allocate 653616 bytes for Chunk::new
# Possible reasons:
#   The system is out of physical RAM or swap space
#   The process is running with CompressedOops enabled, and the Java Heap may be blocking the growth of the native heap
# Possible solutions:
#   Reduce memory load on the system
#   Increase physical memory or swap space
#   Check if swap backing store is full
#   Decrease Java heap size (-Xmx/-Xms)
#   Decrease number of Java threads
#   Decrease Java thread stack sizes (-Xss)
#   Set larger code cache with -XX:ReservedCodeCacheSize=
#   JVM is running with Unscaled Compressed Oops mode in which the Java heap is
#     placed in the first 4GB address space. The Java Heap base address is the
#     maximum limit for the native heap growth. Please use -XX:HeapBaseMinAddress
#     to set the Java Heap base and to place the Java Heap above 4GB virtual address.
# This output file may be truncated or incomplete.
#
#  Out of Memory Error (./src/hotspot/share/memory/arena.cpp:197), pid=2408, tid=10276
#
# JRE version: OpenJDK Runtime Environment (11.0.10) (build 11.0.10+0-b96-7249189)
# Java VM: OpenJDK 64-Bit Server VM (11.0.10+0-b96-7249189, mixed mode, tiered, compressed oops, g1 gc, windows-amd64)
# No core dump will be written. Minidumps are not enabled by default on client versions of Windows
#

---------------  S U M M A R Y ------------

Command Line: org.jetbrains.kotlin.cli.jvm.K2JVMCompiler @D:\projects\students_app\build\app\20211116_3517530647123067896.compiler.options

Host: AMD Ryzen 5 3500U with Radeon Vega Mobile Gfx  , 8 cores, 5G,  Windows 10 , 64 bit Build 19041 (10.0.19041.1320)
Time: Tue Nov 16 08:58:54 2021 India Standard Time elapsed time: 2.873729 seconds (0d 0h 0m 2s)

---------------  T H R E A D  ---------------

Current thread (0x000001ca16364000):  JavaThread "C2 CompilerThread0" daemon [_thread_in_native, id=10276, stack(0x00000095a8b00000,0x00000095a8c00000)]


Current CompileTask:
C2:   2873 2752       4       java.lang.ClassLoader::loadClass (7 bytes)

Stack: [0x00000095a8b00000,0x00000095a8c00000]
Native frames: (J=compiled Java code, j=interpreted, Vv=VM code, C=native code)
V  [jvm.dll+0x5ecfaa]
V  [jvm.dll+0x722bd5]
V  [jvm.dll+0x72412d]
V  [jvm.dll+0x7247e3]
V  [jvm.dll+0x242928]
V  [jvm.dll+0xbc4fc]
V  [jvm.dll+0xbca0c]
V  [jvm.dll+0x2b4fd4]
V  [jvm.dll+0x506028]
V  [jvm.dll+0x1fcbde]
V  [jvm.dll+0x1fa77f]
V  [jvm.dll+0x18354c]
V  [jvm.dll+0x208ee7]
V  [jvm.dll+0x207731]
V  [jvm.dll+0x6eb1cf]
V  [jvm.dll+0x6e3d45]
V  [jvm.dll+0x5ebe96]
C  [ucrtbase.dll+0x21bb2]
C  [KERNEL32.DLL+0x17034]
C  [ntdll.dll+0x52651]


---------------  P R O C E S S  ---------------

Threads class SMR info:
_java_thread_list=0x000001ca16e12cb0, length=12, elements={
0x000001ca7caca000, 0x000001ca16341000, 0x000001ca1634a800, 0x000001ca1635d000,
0x000001ca1635f000, 0x000001ca16361000, 0x000001ca16364000, 0x000001ca1636d800,
0x000001ca16373000, 0x000001ca16e18000, 0x000001ca16e14800, 0x000001ca16e6a800
}

Java Threads: ( => current thread )
  0x000001ca7caca000 JavaThread "main" [_thread_in_vm, id=5256, stack(0x00000095a7f00000,0x00000095a8000000)]
  0x000001ca16341000 JavaThread "Reference Handler" daemon [_thread_blocked, id=7208, stack(0x00000095a8600000,0x00000095a8700000)]
  0x000001ca1634a800 JavaThread "Finalizer" daemon [_thread_blocked, id=4112, stack(0x00000095a8700000,0x00000095a8800000)]
  0x000001ca1635d000 JavaThread "Signal Dispatcher" daemon [_thread_blocked, id=10292, stack(0x00000095a8800000,0x00000095a8900000)]
  0x000001ca1635f000 JavaThread "Attach Listener" daemon [_thread_blocked, id=11948, stack(0x00000095a8900000,0x00000095a8a00000)]
  0x000001ca16361000 JavaThread "Service Thread" daemon [_thread_blocked, id=10864, stack(0x00000095a8a00000,0x00000095a8b00000)]
=>0x000001ca16364000 JavaThread "C2 CompilerThread0" daemon [_thread_in_native, id=10276, stack(0x00000095a8b00000,0x00000095a8c00000)]
  0x000001ca1636d800 JavaThread "C1 CompilerThread0" daemon [_thread_blocked, id=2544, stack(0x00000095a8c00000,0x00000095a8d00000)]
  0x000001ca16373000 JavaThread "Sweeper thread" daemon [_thread_blocked, id=10284, stack(0x00000095a8d00000,0x00000095a8e00000)]
  0x000001ca16e18000 JavaThread "Common-Cleaner" daemon [_thread_blocked, id=6512, stack(0x00000095a8f00000,0x00000095a9000000)]
  0x000001ca16e14800 JavaThread "C2 CompilerThread1" daemon [_thread_blocked, id=9408, stack(0x00000095a9000000,0x00000095a9100000)]
  0x000001ca16e6a800 JavaThread "C2 CompilerThread2" daemon [_thread_blocked, id=9068, stack(0x00000095a9100000,0x00000095a9200000)]

Other Threads:
  0x000001ca1631d800 VMThread "VM Thread" [stack: 0x00000095a8500000,0x00000095a8600000] [id=11880]
  0x000001ca16e0f800 WatcherThread [stack: 0x00000095a8e00000,0x00000095a8f00000] [id=10128]
  0x000001ca7cae1800 GCTaskThread "GC Thread#0" [stack: 0x00000095a8000000,0x00000095a8100000] [id=9944]
  0x000001ca17496800 GCTaskThread "GC Thread#1" [stack: 0x00000095a9200000,0x00000095a9300000] [id=12008]
  0x000001ca7cb0a000 ConcurrentGCThread "G1 Main Marker" [stack: 0x00000095a8100000,0x00000095a8200000] [id=2736]
  0x000001ca7cb0c800 ConcurrentGCThread "G1 Conc#0" [stack: 0x00000095a8200000,0x00000095a8300000] [id=11252]
  0x000001ca17896800 ConcurrentGCThread "G1 Conc#1" [stack: 0x00000095a9300000,0x00000095a9400000] [id=2088]
  0x000001ca7cb93000 ConcurrentGCThread "G1 Refine#0" [stack: 0x00000095a8300000,0x00000095a8400000] [id=10244]
  0x000001ca7cb94000 ConcurrentGCThread "G1 Young RemSet Sampling" [stack: 0x00000095a8400000,0x00000095a8500000] [id=11736]

Threads with active compile tasks:
C2 CompilerThread0   2885 2752       4       java.lang.ClassLoader::loadClass (7 bytes)

VM state:not at safepoint (normal execution)

VM Mutex/Monitor currently owned by a thread: None

Heap address: 0x00000000a1e00000, size: 1506 MB, Compressed Oops mode: 32-bit
Narrow klass base: 0x0000000000000000, Narrow klass shift: 3
Compressed class space size: 1073741824 Address: 0x0000000100000000

Heap:
 garbage-first heap   total 98304K, used 62314K [0x00000000a1e00000, 0x0000000100000000)
  region size 1024K, 40 young (40960K), 2 survivors (2048K)
 Metaspace       used 43293K, capacity 43753K, committed 43776K, reserved 1087488K
  class space    used 5193K, capacity 5370K, committed 5376K, reserved 1048576K
Heap Regions: E=young(eden), S=young(survivor), O=old, HS=humongous(starts), HC=humongous(continues), CS=collection set, F=free, A=archive, TAMS=top-at-mark-start (previous, next)
|   0|0x00000000a1e00000, 0x00000000a1f00000, 0x00000000a1f00000|100%|HS|  |TAMS 0x00000000a1f00000, 0x00000000a1e00000| Complete 
|   1|0x00000000a1f00000, 0x00000000a2000000, 0x00000000a2000000|100%|HC|  |TAMS 0x00000000a2000000, 0x00000000a1f00000| Complete 
|   2|0x00000000a2000000, 0x00000000a2100000, 0x00000000a2100000|100%|HC|  |TAMS 0x00000000a2100000, 0x00000000a2000000| Complete 
|   3|0x00000000a2100000, 0x00000000a2200000, 0x00000000a2200000|100%|HS|  |TAMS 0x00000000a2200000, 0x00000000a2100000| Complete 
|   4|0x00000000a2200000, 0x00000000a2300000, 0x00000000a2300000|100%|HC|  |TAMS 0x00000000a2300000, 0x00000000a2200000| Complete 
|   5|0x00000000a2300000, 0x00000000a2400000, 0x00000000a2400000|100%|HC|  |TAMS 0x00000000a2400000, 0x00000000a2300000| Complete 
|   6|0x00000000a2400000, 0x00000000a2500000, 0x00000000a2500000|100%|HS|  |TAMS 0x00000000a2500000, 0x00000000a2400000| Complete 
|   7|0x00000000a2500000, 0x00000000a2600000, 0x00000000a2600000|100%|HC|  |TAMS 0x00000000a2600000, 0x00000000a2500000| Complete 
|   8|0x00000000a2600000, 0x00000000a2700000, 0x00000000a2700000|100%|HC|  |TAMS 0x00000000a2700000, 0x00000000a2600000| Complete 
|   9|0x00000000a2700000, 0x00000000a2800000, 0x00000000a2800000|100%| O|  |TAMS 0x00000000a2800000, 0x00000000a2700000| Untracked 
|  10|0x00000000a2800000, 0x00000000a2900000, 0x00000000a2900000|100%| O|  |TAMS 0x00000000a2900000, 0x00000000a2800000| Untracked 
|  11|0x00000000a2900000, 0x00000000a2a00000, 0x00000000a2a00000|100%| O|  |TAMS 0x00000000a2a00000, 0x00000000a2900000| Untracked 
|  12|0x00000000a2a00000, 0x00000000a2b00000, 0x00000000a2b00000|100%| O|  |TAMS 0x00000000a2b00000, 0x00000000a2a00000| Untracked 
|  13|0x00000000a2b00000, 0x00000000a2c00000, 0x00000000a2c00000|100%|HS|  |TAMS 0x00000000a2c00000, 0x00000000a2b00000| Complete 
|  14|0x00000000a2c00000, 0x00000000a2d00000, 0x00000000a2d00000|100%|HC|  |TAMS 0x00000000a2d00000, 0x00000000a2c00000| Complete 
|  15|0x00000000a2d00000, 0x00000000a2e00000, 0x00000000a2e00000|100%| O|  |TAMS 0x00000000a2e00000, 0x00000000a2d00000| Untracked 
|  16|0x00000000a2e00000, 0x00000000a2f00000, 0x00000000a2f00000|100%| O|  |TAMS 0x00000000a2f00000, 0x00000000a2e00000| Untracked 
|  17|0x00000000a2f00000, 0x00000000a3000000, 0x00000000a3000000|100%| O|  |TAMS 0x00000000a3000000, 0x00000000a2f00000| Untracked 
|  18|0x00000000a3000000, 0x00000000a3100000, 0x00000000a3100000|100%| O|  |TAMS 0x00000000a3100000, 0x00000000a3000000| Untracked 
|  19|0x00000000a3100000, 0x00000000a3200000, 0x00000000a3200000|100%| O|  |TAMS 0x00000000a3200000, 0x00000000a3100000| Untracked 
|  20|0x00000000a3200000, 0x00000000a32ffff8, 0x00000000a3300000| 99%| O|  |TAMS 0x00000000a32ffff8, 0x00000000a3200000| Untracked 
|  21|0x00000000a3300000, 0x00000000a3400000, 0x00000000a3400000|100%| O|  |TAMS 0x00000000a3400000, 0x00000000a3300000| Untracked 
|  22|0x00000000a3400000, 0x00000000a3460e00, 0x00000000a3500000| 37%| O|  |TAMS 0x00000000a3460e00, 0x00000000a3400000| Untracked 
|  23|0x00000000a3500000, 0x00000000a3500000, 0x00000000a3600000|  0%| F|  |TAMS 0x00000000a3500000, 0x00000000a3500000| Untracked 
|  24|0x00000000a3600000, 0x00000000a3600000, 0x00000000a3700000|  0%| F|  |TAMS 0x00000000a3600000, 0x00000000a3600000| Untracked 
|  25|0x00000000a3700000, 0x00000000a3700000, 0x00000000a3800000|  0%| F|  |TAMS 0x00000000a3700000, 0x00000000a3700000| Untracked 
|  26|0x00000000a3800000, 0x00000000a3800000, 0x00000000a3900000|  0%| F|  |TAMS 0x00000000a3800000, 0x00000000a3800000| Untracked 
|  27|0x00000000a3900000, 0x00000000a3900000, 0x00000000a3a00000|  0%| F|  |TAMS 0x00000000a3900000, 0x00000000a3900000| Untracked 
|  28|0x00000000a3a00000, 0x00000000a3a00000, 0x00000000a3b00000|  0%| F|  |TAMS 0x00000000a3a00000, 0x00000000a3a00000| Untracked 
|  29|0x00000000a3b00000, 0x00000000a3b00000, 0x00000000a3c00000|  0%| F|  |TAMS 0x00000000a3b00000, 0x00000000a3b00000| Untracked 
|  30|0x00000000a3c00000, 0x00000000a3c00000, 0x00000000a3d00000|  0%| F|  |TAMS 0x00000000a3c00000, 0x00000000a3c00000| Untracked 
|  31|0x00000000a3d00000, 0x00000000a3d00000, 0x00000000a3e00000|  0%| F|  |TAMS 0x00000000a3d00000, 0x00000000a3d00000| Untracked 
|  32|0x00000000a3e00000, 0x00000000a3e00000, 0x00000000a3f00000|  0%| F|  |TAMS 0x00000000a3e00000, 0x00000000a3e00000| Untracked 
|  33|0x00000000a3f00000, 0x00000000a3f00000, 0x00000000a4000000|  0%| F|  |TAMS 0x00000000a3f00000, 0x00000000a3f00000| Untracked 
|  34|0x00000000a4000000, 0x00000000a4000000, 0x00000000a4100000|  0%| F|  |TAMS 0x00000000a4000000, 0x00000000a4000000| Untracked 
|  35|0x00000000a4100000, 0x00000000a4100000, 0x00000000a4200000|  0%| F|  |TAMS 0x00000000a4100000, 0x00000000a4100000| Untracked 
|  36|0x00000000a4200000, 0x00000000a4200000, 0x00000000a4300000|  0%| F|  |TAMS 0x00000000a4200000, 0x00000000a4200000| Untracked 
|  37|0x00000000a4300000, 0x00000000a4300000, 0x00000000a4400000|  0%| F|  |TAMS 0x00000000a4300000, 0x00000000a4300000| Untracked 
|  38|0x00000000a4400000, 0x00000000a4400000, 0x00000000a4500000|  0%| F|  |TAMS 0x00000000a4400000, 0x00000000a4400000| Untracked 
|  39|0x00000000a4500000, 0x00000000a4500000, 0x00000000a4600000|  0%| F|  |TAMS 0x00000000a4500000, 0x00000000a4500000| Untracked 
|  40|0x00000000a4600000, 0x00000000a4600000, 0x00000000a4700000|  0%| F|  |TAMS 0x00000000a4600000, 0x00000000a4600000| Untracked 
|  41|0x00000000a4700000, 0x00000000a4700000, 0x00000000a4800000|  0%| F|  |TAMS 0x00000000a4700000, 0x00000000a4700000| Untracked 
|  42|0x00000000a4800000, 0x00000000a4800000, 0x00000000a4900000|  0%| F|  |TAMS 0x00000000a4800000, 0x00000000a4800000| Untracked 
|  43|0x00000000a4900000, 0x00000000a4900000, 0x00000000a4a00000|  0%| F|  |TAMS 0x00000000a4900000, 0x00000000a4900000| Untracked 
|  44|0x00000000a4a00000, 0x00000000a4a00000, 0x00000000a4b00000|  0%| F|  |TAMS 0x00000000a4a00000, 0x00000000a4a00000| Untracked 
|  45|0x00000000a4b00000, 0x00000000a4b00000, 0x00000000a4c00000|  0%| F|  |TAMS 0x00000000a4b00000, 0x00000000a4b00000| Untracked 
|  46|0x00000000a4c00000, 0x00000000a4c00000, 0x00000000a4d00000|  0%| F|  |TAMS 0x00000000a4c00000, 0x00000000a4c00000| Untracked 
|  47|0x00000000a4d00000, 0x00000000a4d00000, 0x00000000a4e00000|  0%| F|  |TAMS 0x00000000a4d00000, 0x00000000a4d00000| Untracked 
|  48|0x00000000a4e00000, 0x00000000a4e00000, 0x00000000a4f00000|  0%| F|  |TAMS 0x00000000a4e00000, 0x00000000a4e00000| Untracked 
|  49|0x00000000a4f00000, 0x00000000a4f00000, 0x00000000a5000000|  0%| F|  |TAMS 0x00000000a4f00000, 0x00000000a4f00000| Untracked 
|  50|0x00000000a5000000, 0x00000000a5000000, 0x00000000a5100000|  0%| F|  |TAMS 0x00000000a5000000, 0x00000000a5000000| Untracked 
|  51|0x00000000a5100000, 0x00000000a5100000, 0x00000000a5200000|  0%| F|  |TAMS 0x00000000a5100000, 0x00000000a5100000| Untracked 
|  52|0x00000000a5200000, 0x00000000a5200000, 0x00000000a5300000|  0%| F|  |TAMS 0x00000000a5200000, 0x00000000a5200000| Untracked 
|  53|0x00000000a5300000, 0x00000000a5300000, 0x00000000a5400000|  0%| F|  |TAMS 0x00000000a5300000, 0x00000000a5300000| Untracked 
|  54|0x00000000a5400000, 0x00000000a5400000, 0x00000000a5500000|  0%| F|  |TAMS 0x00000000a5400000, 0x00000000a5400000| Untracked 
|  55|0x00000000a5500000, 0x00000000a5500000, 0x00000000a5600000|  0%| F|  |TAMS 0x00000000a5500000, 0x00000000a5500000| Untracked 
|  56|0x00000000a5600000, 0x00000000a5700000, 0x00000000a5700000|100%| E|  |TAMS 0x00000000a5600000, 0x00000000a5600000| Complete 
|  57|0x00000000a5700000, 0x00000000a5800000, 0x00000000a5800000|100%| E|CS|TAMS 0x00000000a5700000, 0x00000000a5700000| Complete 
|  58|0x00000000a5800000, 0x00000000a5900000, 0x00000000a5900000|100%| E|CS|TAMS 0x00000000a5800000, 0x00000000a5800000| Complete 
|  59|0x00000000a5900000, 0x00000000a5a00000, 0x00000000a5a00000|100%| E|CS|TAMS 0x00000000a5900000, 0x00000000a5900000| Complete 
|  60|0x00000000a5a00000, 0x00000000a5b00000, 0x00000000a5b00000|100%| E|CS|TAMS 0x00000000a5a00000, 0x00000000a5a00000| Complete 
|  61|0x00000000a5b00000, 0x00000000a5c00000, 0x00000000a5c00000|100%| E|CS|TAMS 0x00000000a5b00000, 0x00000000a5b00000| Complete 
|  62|0x00000000a5c00000, 0x00000000a5d00000, 0x00000000a5d00000|100%| E|CS|TAMS 0x00000000a5c00000, 0x00000000a5c00000| Complete 
|  63|0x00000000a5d00000, 0x00000000a5e00000, 0x00000000a5e00000|100%| E|CS|TAMS 0x00000000a5d00000, 0x00000000a5d00000| Complete 
|  64|0x00000000a5e00000, 0x00000000a5f00000, 0x00000000a5f00000|100%| E|CS|TAMS 0x00000000a5e00000, 0x00000000a5e00000| Complete 
|  65|0x00000000a5f00000, 0x00000000a6000000, 0x00000000a6000000|100%| E|CS|TAMS 0x00000000a5f00000, 0x00000000a5f00000| Complete 
|  66|0x00000000a6000000, 0x00000000a6100000, 0x00000000a6100000|100%| E|CS|TAMS 0x00000000a6000000, 0x00000000a6000000| Complete 
|  67|0x00000000a6100000, 0x00000000a6200000, 0x00000000a6200000|100%| E|CS|TAMS 0x00000000a6100000, 0x00000000a6100000| Complete 
|  68|0x00000000a6200000, 0x00000000a6300000, 0x00000000a6300000|100%| E|CS|TAMS 0x00000000a6200000, 0x00000000a6200000| Complete 
|  69|0x00000000a6300000, 0x00000000a6400000, 0x00000000a6400000|100%| E|CS|TAMS 0x00000000a6300000, 0x00000000a6300000| Complete 
|  70|0x00000000a6400000, 0x00000000a6500000, 0x00000000a6500000|100%| E|CS|TAMS 0x00000000a6400000, 0x00000000a6400000| Complete 
|  71|0x00000000a6500000, 0x00000000a6600000, 0x00000000a6600000|100%| E|CS|TAMS 0x00000000a6500000, 0x00000000a6500000| Complete 
|  72|0x00000000a6600000, 0x00000000a6700000, 0x00000000a6700000|100%| E|CS|TAMS 0x00000000a6600000, 0x00000000a6600000| Complete 
|  73|0x00000000a6700000, 0x00000000a6800000, 0x00000000a6800000|100%| E|CS|TAMS 0x00000000a6700000, 0x00000000a6700000| Complete 
|  74|0x00000000a6800000, 0x00000000a6900000, 0x00000000a6900000|100%| E|CS|TAMS 0x00000000a6800000, 0x00000000a6800000| Complete 
|  75|0x00000000a6900000, 0x00000000a6979b38, 0x00000000a6a00000| 47%| S|CS|TAMS 0x00000000a6900000, 0x00000000a6900000| Complete 
|  76|0x00000000a6a00000, 0x00000000a6b00000, 0x00000000a6b00000|100%| S|CS|TAMS 0x00000000a6a00000, 0x00000000a6a00000| Complete 
|  77|0x00000000a6b00000, 0x00000000a6c00000, 0x00000000a6c00000|100%| E|CS|TAMS 0x00000000a6b00000, 0x00000000a6b00000| Complete 
|  78|0x00000000a6c00000, 0x00000000a6d00000, 0x00000000a6d00000|100%| E|CS|TAMS 0x00000000a6c00000, 0x00000000a6c00000| Complete 
|  79|0x00000000a6d00000, 0x00000000a6e00000, 0x00000000a6e00000|100%| E|CS|TAMS 0x00000000a6d00000, 0x00000000a6d00000| Complete 
|  80|0x00000000a6e00000, 0x00000000a6f00000, 0x00000000a6f00000|100%| E|CS|TAMS 0x00000000a6e00000, 0x00000000a6e00000| Complete 
|  81|0x00000000a6f00000, 0x00000000a7000000, 0x00000000a7000000|100%| E|CS|TAMS 0x00000000a6f00000, 0x00000000a6f00000| Complete 
|  82|0x00000000a7000000, 0x00000000a7100000, 0x00000000a7100000|100%| E|CS|TAMS 0x00000000a7000000, 0x00000000a7000000| Complete 
|  83|0x00000000a7100000, 0x00000000a7200000, 0x00000000a7200000|100%| E|CS|TAMS 0x00000000a7100000, 0x00000000a7100000| Complete 
|  84|0x00000000a7200000, 0x00000000a7300000, 0x00000000a7300000|100%| E|CS|TAMS 0x00000000a7200000, 0x00000000a7200000| Complete 
|  85|0x00000000a7300000, 0x00000000a7400000, 0x00000000a7400000|100%| E|CS|TAMS 0x00000000a7300000, 0x00000000a7300000| Complete 
|  86|0x00000000a7400000, 0x00000000a7500000, 0x00000000a7500000|100%| E|CS|TAMS 0x00000000a7400000, 0x00000000a7400000| Complete 
|  87|0x00000000a7500000, 0x00000000a7600000, 0x00000000a7600000|100%| E|CS|TAMS 0x00000000a7500000, 0x00000000a7500000| Complete 
|  88|0x00000000a7600000, 0x00000000a7700000, 0x00000000a7700000|100%| E|CS|TAMS 0x00000000a7600000, 0x00000000a7600000| Complete 
|  89|0x00000000a7700000, 0x00000000a7800000, 0x00000000a7800000|100%| E|CS|TAMS 0x00000000a7700000, 0x00000000a7700000| Complete 
|  90|0x00000000a7800000, 0x00000000a7900000, 0x00000000a7900000|100%| E|CS|TAMS 0x00000000a7800000, 0x00000000a7800000| Complete 
|  91|0x00000000a7900000, 0x00000000a7a00000, 0x00000000a7a00000|100%| E|CS|TAMS 0x00000000a7900000, 0x00000000a7900000| Complete 
|  92|0x00000000a7a00000, 0x00000000a7b00000, 0x00000000a7b00000|100%| E|CS|TAMS 0x00000000a7a00000, 0x00000000a7a00000| Complete 
|  93|0x00000000a7b00000, 0x00000000a7c00000, 0x00000000a7c00000|100%| E|CS|TAMS 0x00000000a7b00000, 0x00000000a7b00000| Complete 
|  94|0x00000000a7c00000, 0x00000000a7d00000, 0x00000000a7d00000|100%| E|CS|TAMS 0x00000000a7c00000, 0x00000000a7c00000| Complete 
|  95|0x00000000a7d00000, 0x00000000a7e00000, 0x00000000a7e00000|100%| E|CS|TAMS 0x00000000a7d00000, 0x00000000a7d00000| Complete 

Card table byte_map: [0x000001ca7d910000,0x000001ca7dc10000] _byte_map_base: 0x000001ca7d401000

Marking Bits (Prev, Next): (CMBitMap*) 0x000001ca7cb036b8, (CMBitMap*) 0x000001ca7cb036f0
 Prev Bits: [0x000001ca7df10000, 0x000001ca7f698000)
 Next Bits: [0x000001ca12a10000, 0x000001ca14198000)

Polling page: 0x000001ca7b210000

Metaspace:

Usage:
  Non-class:     37.55 MB capacity,    37.23 MB (>99%) used,   260.22 KB ( <1%) free+waste,    61.06 KB ( <1%) overhead. 
      Class:      5.24 MB capacity,     5.08 MB ( 97%) used,   145.37 KB (  3%) free+waste,    26.13 KB ( <1%) overhead. 
       Both:     42.79 MB capacity,    42.31 MB ( 99%) used,   405.59 KB ( <1%) free+waste,    87.19 KB ( <1%) overhead. 

Virtual space:
  Non-class space:       38.00 MB reserved,      37.75 MB (>99%) committed 
      Class space:        1.00 GB reserved,       5.25 MB ( <1%) committed 
             Both:        1.04 GB reserved,      43.00 MB (  4%) committed 

Chunk freelists:
   Non-Class:  17.00 KB
       Class:  6.00 KB
        Both:  23.00 KB

MaxMetaspaceSize: 17179869184.00 GB
CompressedClassSpaceSize: 1.00 GB

CodeHeap 'non-profiled nmethods': size=120000Kb used=1115Kb max_used=1115Kb free=118885Kb
 bounds [0x000001ca0b4e0000, 0x000001ca0b750000, 0x000001ca12a10000]
CodeHeap 'profiled nmethods': size=120000Kb used=5397Kb max_used=5397Kb free=114602Kb
 bounds [0x000001ca03fb0000, 0x000001ca04500000, 0x000001ca0b4e0000]
CodeHeap 'non-nmethods': size=5760Kb used=1178Kb max_used=1217Kb free=4581Kb
 bounds [0x000001ca03a10000, 0x000001ca03c80000, 0x000001ca03fb0000]
 total_blobs=3291 nmethods=2759 adapters=443
 compilation: enabled
              stopped_count=0, restarted_count=0
 full_count=0

Compilation events (20 events):
Event: 2.826 Thread 0x000001ca1636d800 nmethod 2755 0x000001ca044f0690 code [0x000001ca044f0880, 0x000001ca044f0c68]
Event: 2.826 Thread 0x000001ca1636d800 2754       1       org.jetbrains.kotlin.com.intellij.psi.impl.source.tree.CompositeElement::getFirstChildNode (5 bytes)
Event: 2.826 Thread 0x000001ca1636d800 nmethod 2754 0x000001ca0b5f5010 code [0x000001ca0b5f51c0, 0x000001ca0b5f5278]
Event: 2.829 Thread 0x000001ca1636d800 2756       3       org.jetbrains.kotlin.com.intellij.psi.impl.source.tree.TreeElement::getTreeNext (5 bytes)
Event: 2.829 Thread 0x000001ca1636d800 nmethod 2756 0x000001ca044f0d90 code [0x000001ca044f0f40, 0x000001ca044f1058]
Event: 2.831 Thread 0x000001ca1636d800 2757       3       org.jetbrains.kotlin.com.intellij.openapi.util.UserDataHolderBase::getUserMap (13 bytes)
Event: 2.832 Thread 0x000001ca1636d800 nmethod 2757 0x000001ca044f1110 code [0x000001ca044f12c0, 0x000001ca044f1448]
Event: 2.835 Thread 0x000001ca1636d800 2758       3       kotlin.reflect.jvm.internal.pcollections.IntTree::rebalanced (449 bytes)
Event: 2.836 Thread 0x000001ca1636d800 nmethod 2758 0x000001ca044f1510 code [0x000001ca044f1800, 0x000001ca044f2628]
Event: 2.843 Thread 0x000001ca1636d800 2759       3       org.jetbrains.kotlin.com.intellij.openapi.progress.ProgressManager::checkCanceled (13 bytes)
Event: 2.844 Thread 0x000001ca1636d800 nmethod 2759 0x000001ca044f2d90 code [0x000001ca044f2f40, 0x000001ca044f3128]
Event: 2.844 Thread 0x000001ca1636d800 2760       3       org.jetbrains.kotlin.com.intellij.openapi.progress.ProgressIndicatorProvider::checkCanceled (4 bytes)
Event: 2.844 Thread 0x000001ca1636d800 nmethod 2760 0x000001ca044f3210 code [0x000001ca044f33e0, 0x000001ca044f3628]
Event: 2.852 Thread 0x000001ca1636d800 2761       1       org.jetbrains.kotlin.resolve.ImportPath::isAllUnder (5 bytes)
Event: 2.852 Thread 0x000001ca1636d800 nmethod 2761 0x000001ca0b5f5310 code [0x000001ca0b5f54c0, 0x000001ca0b5f5578]
Event: 2.854 Thread 0x000001ca16e6a800 2762       4       java.util.ArrayDeque::pollFirst (36 bytes)
Event: 2.856 Thread 0x000001ca16e6a800 nmethod 2762 0x000001ca0b5f5610 code [0x000001ca0b5f57a0, 0x000001ca0b5f5898]
Event: 2.866 Thread 0x000001ca16e14800 2763   !   4       jdk.internal.ref.PhantomCleanable::remove (60 bytes)
Event: 2.867 Thread 0x000001ca1636d800 2764       1       org.jetbrains.kotlin.com.intellij.psi.impl.source.SubstrateRef::getStub (2 bytes)
Event: 2.868 Thread 0x000001ca1636d800 nmethod 2764 0x000001ca0b5f5990 code [0x000001ca0b5f5b40, 0x000001ca0b5f5bf8]

GC Heap History (8 events):
Event: 0.536 GC heap before
{Heap before GC invocations=0 (full 0):
 garbage-first heap   total 98304K, used 27648K [0x00000000a1e00000, 0x0000000100000000)
  region size 1024K, 24 young (24576K), 0 survivors (0K)
 Metaspace       used 12308K, capacity 12341K, committed 12544K, reserved 1060864K
  class space    used 1157K, capacity 1174K, committed 1280K, reserved 1048576K
}
Event: 0.541 GC heap after
{Heap after GC invocations=1 (full 0):
 garbage-first heap   total 98304K, used 5772K [0x00000000a1e00000, 0x0000000100000000)
  region size 1024K, 3 young (3072K), 3 survivors (3072K)
 Metaspace       used 12308K, capacity 12341K, committed 12544K, reserved 1060864K
  class space    used 1157K, capacity 1174K, committed 1280K, reserved 1048576K
}
Event: 1.158 GC heap before
{Heap before GC invocations=1 (full 0):
 garbage-first heap   total 98304K, used 42636K [0x00000000a1e00000, 0x0000000100000000)
  region size 1024K, 40 young (40960K), 3 survivors (3072K)
 Metaspace       used 20964K, capacity 21147K, committed 21248K, reserved 1069056K
  class space    used 2215K, capacity 2278K, committed 2304K, reserved 1048576K
}
Event: 1.175 GC heap after
{Heap after GC invocations=2 (full 0):
 garbage-first heap   total 98304K, used 9721K [0x00000000a1e00000, 0x0000000100000000)
  region size 1024K, 7 young (7168K), 7 survivors (7168K)
 Metaspace       used 20964K, capacity 21147K, committed 21248K, reserved 1069056K
  class space    used 2215K, capacity 2278K, committed 2304K, reserved 1048576K
}
Event: 1.968 GC heap before
{Heap before GC invocations=3 (full 0):
 garbage-first heap   total 98304K, used 66041K [0x00000000a1e00000, 0x0000000100000000)
  region size 1024K, 50 young (51200K), 7 survivors (7168K)
 Metaspace       used 30873K, capacity 31334K, committed 31488K, reserved 1077248K
  class space    used 3808K, capacity 3983K, committed 4096K, reserved 1048576K
}
Event: 1.989 GC heap after
{Heap after GC invocations=4 (full 0):
 garbage-first heap   total 98304K, used 23103K [0x00000000a1e00000, 0x0000000100000000)
  region size 1024K, 6 young (6144K), 6 survivors (6144K)
 Metaspace       used 30873K, capacity 31334K, committed 31488K, reserved 1077248K
  class space    used 3808K, capacity 3983K, committed 4096K, reserved 1048576K
}
Event: 2.271 GC heap before
{Heap before GC invocations=4 (full 0):
 garbage-first heap   total 98304K, used 41535K [0x00000000a1e00000, 0x0000000100000000)
  region size 1024K, 25 young (25600K), 6 survivors (6144K)
 Metaspace       used 35042K, capacity 35446K, committed 35584K, reserved 1081344K
  class space    used 4328K, capacity 4501K, committed 4608K, reserved 1048576K
}
Event: 2.288 GC heap after
{Heap after GC invocations=5 (full 0):
 garbage-first heap   total 98304K, used 24426K [0x00000000a1e00000, 0x0000000100000000)
  region size 1024K, 2 young (2048K), 2 survivors (2048K)
 Metaspace       used 35042K, capacity 35446K, committed 35584K, reserved 1081344K
  class space    used 4328K, capacity 4501K, committed 4608K, reserved 1048576K
}

Deoptimization events (20 events):
Event: 2.711 Thread 0x000001ca7caca000 Uncommon trap: trap_request=0xffffff4d fr.pc=0x000001ca0b512464 relative=0x0000000000000c44
Event: 2.711 Thread 0x000001ca7caca000 Uncommon trap: reason=unstable_if action=reinterpret pc=0x000001ca0b512464 method=java.lang.StringCoding.encodeUTF8(B[BZ)[B @ 2 c2
Event: 2.711 Thread 0x000001ca7caca000 DEOPT PACKING pc=0x000001ca0b512464 sp=0x00000095a7ff5fb0
Event: 2.711 Thread 0x000001ca7caca000 DEOPT UNPACKING pc=0x000001ca03a378af sp=0x00000095a7ff5da0 mode 2
Event: 2.711 Thread 0x000001ca7caca000 Uncommon trap: trap_request=0xffffff4d fr.pc=0x000001ca0b5b4de0 relative=0x0000000000000280
Event: 2.711 Thread 0x000001ca7caca000 Uncommon trap: reason=unstable_if action=reinterpret pc=0x000001ca0b5b4de0 method=sun.net.www.ParseUtil.firstEncodeIndex(Ljava/lang/String;)I @ 27 c2
Event: 2.711 Thread 0x000001ca7caca000 DEOPT PACKING pc=0x000001ca0b5b4de0 sp=0x00000095a7ff60e0
Event: 2.711 Thread 0x000001ca7caca000 DEOPT UNPACKING pc=0x000001ca03a378af sp=0x00000095a7ff5f08 mode 2
Event: 2.712 Thread 0x000001ca7caca000 Uncommon trap: trap_request=0xffffff4d fr.pc=0x000001ca0b597614 relative=0x00000000000001f4
Event: 2.712 Thread 0x000001ca7caca000 Uncommon trap: reason=unstable_if action=reinterpret pc=0x000001ca0b597614 method=java.lang.String.indexOf(II)I @ 4 c2
Event: 2.712 Thread 0x000001ca7caca000 DEOPT PACKING pc=0x000001ca0b597614 sp=0x00000095a7ff5d70
Event: 2.712 Thread 0x000001ca7caca000 DEOPT UNPACKING pc=0x000001ca03a378af sp=0x00000095a7ff5d20 mode 2
Event: 2.712 Thread 0x000001ca7caca000 Uncommon trap: trap_request=0xffffff4d fr.pc=0x000001ca0b58d130 relative=0x0000000000000190
Event: 2.712 Thread 0x000001ca7caca000 Uncommon trap: reason=unstable_if action=reinterpret pc=0x000001ca0b58d130 method=java.lang.String.startsWith(Ljava/lang/String;I)Z @ 46 c2
Event: 2.712 Thread 0x000001ca7caca000 DEOPT PACKING pc=0x000001ca0b58d130 sp=0x00000095a7ff5e70
Event: 2.712 Thread 0x000001ca7caca000 DEOPT UNPACKING pc=0x000001ca03a378af sp=0x00000095a7ff5dd8 mode 2
Event: 2.728 Thread 0x000001ca7caca000 Uncommon trap: trap_request=0xffffffde fr.pc=0x000001ca0b590ca4 relative=0x0000000000000244
Event: 2.728 Thread 0x000001ca7caca000 Uncommon trap: reason=class_check action=maybe_recompile pc=0x000001ca0b590ca4 method=gnu.trove.TObjectHash.computeHashCode(Ljava/lang/Object;)I @ 5 c2
Event: 2.728 Thread 0x000001ca7caca000 DEOPT PACKING pc=0x000001ca0b590ca4 sp=0x00000095a7ffd930
Event: 2.728 Thread 0x000001ca7caca000 DEOPT UNPACKING pc=0x000001ca03a378af sp=0x00000095a7ffd848 mode 2

Classes redefined (0 events):
No events

Internal exceptions (20 events):
Event: 1.118 Thread 0x000001ca7caca000 Exception <a 'java/lang/NoSuchMethodError'{0x00000000a59b4988}: 'long java.lang.invoke.DirectMethodHandle$Holder.invokeStatic(java.lang.Object)'> (0x00000000a59b4988) thrown at [./src/hotspot/share/interpreter/linkResolver.cpp, line 773]
Event: 1.119 Thread 0x000001ca7caca000 Exception <a 'java/lang/NoSuchMethodError'{0x00000000a59b77e0}: 'long java.lang.invoke.DirectMethodHandle$Holder.invokeStaticInit(java.lang.Object)'> (0x00000000a59b77e0) thrown at [./src/hotspot/share/interpreter/linkResolver.cpp, line 773]
Event: 1.184 Thread 0x000001ca7caca000 Exception <a 'java/lang/NoSuchMethodError'{0x00000000a7d53a48}: 'int java.lang.invoke.DirectMethodHandle$Holder.invokeStaticInit(java.lang.Object, java.lang.Object, java.lang.Object)'> (0x00000000a7d53a48) thrown at [./src/hotspot/share/interpreter/linkResolver.cpp, line 773]
Event: 1.189 Thread 0x000001ca7caca000 Exception <a 'java/lang/NoSuchMethodError'{0x00000000a7d7f440}: 'int java.lang.invoke.DirectMethodHandle$Holder.invokeStaticInit(java.lang.Object, java.lang.Object)'> (0x00000000a7d7f440) thrown at [./src/hotspot/share/interpreter/linkResolver.cpp, line 773]
Event: 1.382 Thread 0x000001ca7caca000 Exception <a 'java/lang/NoSuchMethodError'{0x00000000a7378728}: 'java.lang.Object java.lang.invoke.DirectMethodHandle$Holder.invokeStatic(java.lang.Object, java.lang.Object, java.lang.Object, java.lang.Object, java.lang.Object, java.lang.Object, java.lang.Object, java.lang.Object, java.lang.Object, java.lang.Object, java.lang.Object, java.lang.Object, java.lang.Object, java.lang.Object, java.lang.Object)'> (0x00000000a7378728) thrown at [./src/hotspot/share/interpreter/linkResolver.cpp, line 773]
Event: 1.384 Thread 0x000001ca7caca000 Exception <a 'java/lang/NoSuchMethodError'{0x00000000a7386d10}: 'java.lang.Object java.lang.invoke.DirectMethodHandle$Holder.invokeStatic(java.lang.Object, java.lang.Object, java.lang.Object, java.lang.Object, java.lang.Object, java.lang.Object, java.lang.Object, java.lang.Object, java.lang.Object, java.lang.Object, java.lang.Object, java.lang.Object, java.lang.Object, java.lang.Object, java.lang.Object, java.lang.Object)'> (0x00000000a7386d10) thrown at [./src/hotspot/share/interpreter/linkResolver.cpp, l
Event: 1.385 Thread 0x000001ca7caca000 Exception <a 'java/lang/NoSuchMethodError'{0x00000000a7394c28}: 'java.lang.Object java.lang.invoke.DirectMethodHandle$Holder.invokeSpecial(java.lang.Object, java.lang.Object, int, int, java.lang.Object, java.lang.Object, java.lang.Object)'> (0x00000000a7394c28) thrown at [./src/hotspot/share/interpreter/linkResolver.cpp, line 773]
Event: 1.385 Thread 0x000001ca7caca000 Exception <a 'java/lang/NoSuchMethodError'{0x00000000a7398460}: 'java.lang.Object java.lang.invoke.DelegatingMethodHandle$Holder.reinvoke_L(java.lang.Object, int, int, java.lang.Object, java.lang.Object, java.lang.Object)'> (0x00000000a7398460) thrown at [./src/hotspot/share/interpreter/linkResolver.cpp, line 773]
Event: 1.386 Thread 0x000001ca7caca000 Exception <a 'java/lang/NoSuchMethodError'{0x00000000a739c7e8}: 'java.lang.Object java.lang.invoke.DirectMethodHandle$Holder.invokeStatic(java.lang.Object, java.lang.Object, java.lang.Object, java.lang.Object, int)'> (0x00000000a739c7e8) thrown at [./src/hotspot/share/interpreter/linkResolver.cpp, line 773]
Event: 1.430 Thread 0x000001ca7caca000 Implicit null exception at 0x000001ca0b567c2c to 0x000001ca0b567dda
Event: 1.463 Thread 0x000001ca7caca000 Exception <a 'java/lang/NoSuchMethodError'{0x00000000a6eff3a8}: 'void java.lang.invoke.DirectMethodHandle$Holder.invokeStatic(java.lang.Object, java.lang.Object, java.lang.Object, java.lang.Object)'> (0x00000000a6eff3a8) thrown at [./src/hotspot/share/interpreter/linkResolver.cpp, line 773]
Event: 1.482 Thread 0x000001ca7caca000 Exception <a 'java/lang/NoSuchMethodError'{0x00000000a6c65dd8}: 'void java.lang.invoke.DirectMethodHandle$Holder.invokeSpecial(java.lang.Object, java.lang.Object)'> (0x00000000a6c65dd8) thrown at [./src/hotspot/share/interpreter/linkResolver.cpp, line 773]
Event: 1.516 Thread 0x000001ca7caca000 Exception <a 'java/lang/NoSuchMethodError'{0x00000000a690a6a8}: 'void java.lang.invoke.DirectMethodHandle$Holder.invokeStaticInit(java.lang.Object, java.lang.Object)'> (0x00000000a690a6a8) thrown at [./src/hotspot/share/interpreter/linkResolver.cpp, line 773]
Event: 1.523 Thread 0x000001ca7caca000 Exception <a 'java/lang/NoSuchMethodError'{0x00000000a6948ac0}: 'void java.lang.invoke.DirectMethodHandle$Holder.invokeInterface(java.lang.Object, java.lang.Object)'> (0x00000000a6948ac0) thrown at [./src/hotspot/share/interpreter/linkResolver.cpp, line 773]
Event: 1.593 Thread 0x000001ca7caca000 Exception <a 'java/lang/NoSuchMethodError'{0x00000000a655fda8}: 'void java.lang.invoke.DirectMethodHandle$Holder.invokeVirtual(java.lang.Object, java.lang.Object)'> (0x00000000a655fda8) thrown at [./src/hotspot/share/interpreter/linkResolver.cpp, line 773]
Event: 1.602 Thread 0x000001ca7caca000 Exception <a 'java/lang/NoSuchMethodError'{0x00000000a65d7208}: 'int java.lang.invoke.DirectMethodHandle$Holder.invokeVirtual(java.lang.Object, java.lang.Object)'> (0x00000000a65d7208) thrown at [./src/hotspot/share/interpreter/linkResolver.cpp, line 773]
Event: 2.211 Thread 0x000001ca7caca000 Exception <a 'java/lang/NoSuchMethodError'{0x00000000a708c710}: 'java.lang.Object java.lang.invoke.DirectMethodHandle$Holder.invokeVirtual(java.lang.Object, java.lang.Object, java.lang.Object)'> (0x00000000a708c710) thrown at [./src/hotspot/share/interpreter/linkResolver.cpp, line 773]
Event: 2.818 Thread 0x000001ca7caca000 Exception <a 'java/lang/NoSuchMethodError'{0x00000000a599dc98}: 'java.lang.Object java.lang.invoke.DirectMethodHandle$Holder.invokeStatic(java.lang.Object, java.lang.Object, java.lang.Object, int)'> (0x00000000a599dc98) thrown at [./src/hotspot/share/interpreter/linkResolver.cpp, line 773]
Event: 2.819 Thread 0x000001ca7caca000 Exception <a 'java/lang/NoSuchMethodError'{0x00000000a59a1908}: 'java.lang.Object java.lang.invoke.DirectMethodHandle$Holder.invokeSpecial(java.lang.Object, java.lang.Object, java.lang.Object, java.lang.Object, int)'> (0x00000000a59a1908) thrown at [./src/hotspot/share/interpreter/linkResolver.cpp, line 773]
Event: 2.819 Thread 0x000001ca7caca000 Exception <a 'java/lang/NoSuchMethodError'{0x00000000a59a4c18}: 'java.lang.Object java.lang.invoke.Invokers$Holder.linkToTargetMethod(java.lang.Object, java.lang.Object, int, java.lang.Object)'> (0x00000000a59a4c18) thrown at [./src/hotspot/share/interpreter/linkResolver.cpp, line 773]

Events (20 events):
Event: 2.869 loading class kotlin/collections/builders/ListBuilder$Itr
Event: 2.869 loading class kotlin/collections/builders/ListBuilder$Itr done
Event: 2.870 loading class kotlin/jvm/internal/markers/KMutableListIterator
Event: 2.870 loading class kotlin/jvm/internal/markers/KMutableListIterator done
Event: 2.870 loading class org/jetbrains/kotlin/resolve/jvm/KotlinJavaPsiFacade$PackageCache
Event: 2.870 loading class org/jetbrains/kotlin/resolve/jvm/KotlinJavaPsiFacade$PackageCache done
Event: 2.871 loading class org/jetbrains/kotlin/com/intellij/openapi/util/Condition
Event: 2.871 loading class org/jetbrains/kotlin/com/intellij/openapi/util/Condition done
Event: 2.871 loading class org/jetbrains/kotlin/resolve/jvm/NotFoundPackagesCachingStrategy$CacheType
Event: 2.871 loading class org/jetbrains/kotlin/resolve/jvm/NotFoundPackagesCachingStrategy$CacheType done
Event: 2.871 loading class org/jetbrains/kotlin/resolve/jvm/KotlinJavaPsiFacade$CliFinder
Event: 2.871 loading class org/jetbrains/kotlin/resolve/jvm/KotlinJavaPsiFacade$CliFinder done
Event: 2.872 loading class org/jetbrains/kotlin/com/intellij/diagnostic/ActivityCategory
Event: 2.872 loading class org/jetbrains/kotlin/com/intellij/diagnostic/ActivityCategory done
Event: 2.872 loading class org/jetbrains/kotlin/com/intellij/util/containers/ImmutableList$Itr
Event: 2.872 loading class org/jetbrains/kotlin/com/intellij/util/containers/ImmutableList$Itr done
Event: 2.872 loading class org/jetbrains/kotlin/resolve/jvm/KotlinSafeClassFinder
Event: 2.872 loading class org/jetbrains/kotlin/resolve/jvm/KotlinSafeClassFinder done
Event: 2.873 loading class org/jetbrains/kotlin/com/intellij/psi/NonClasspathClassFinder
Event: 2.873 loading class org/jetbrains/kotlin/com/intellij/psi/NonClasspathClassFinder done


Dynamic libraries:
0x00007ff618960000 - 0x00007ff61896a000 	D:\pc-apps\android\android-studio\jre\bin\java.exe
0x00007ffeceaf0000 - 0x00007ffecece5000 	C:\Windows\SYSTEM32\ntdll.dll
0x00007ffecd070000 - 0x00007ffecd12e000 	C:\Windows\System32\KERNEL32.DLL
0x00007ffecc2b0000 - 0x00007ffecc578000 	C:\Windows\System32\KERNELBASE.dll
0x00007ffecc720000 - 0x00007ffecc820000 	C:\Windows\System32\ucrtbase.dll
0x00007ffec43f0000 - 0x00007ffec4407000 	D:\pc-apps\android\android-studio\jre\bin\VCRUNTIME140.dll
0x00007ffebb340000 - 0x00007ffebb359000 	D:\pc-apps\android\android-studio\jre\bin\jli.dll
0x00007ffecd130000 - 0x00007ffecd2d1000 	C:\Windows\System32\USER32.dll
0x00007ffeccb10000 - 0x00007ffeccb32000 	C:\Windows\System32\win32u.dll
0x00007ffeb84a0000 - 0x00007ffeb873a000 	C:\Windows\WinSxS\amd64_microsoft.windows.common-controls_6595b64144ccf1df_6.0.19041.1110_none_60b5254171f9507e\COMCTL32.dll
0x00007ffecd760000 - 0x00007ffecd78b000 	C:\Windows\System32\GDI32.dll
0x00007ffecd410000 - 0x00007ffecd4ae000 	C:\Windows\System32\msvcrt.dll
0x00007ffecc820000 - 0x00007ffecc92b000 	C:\Windows\System32\gdi32full.dll
0x00007ffecc210000 - 0x00007ffecc2ad000 	C:\Windows\System32\msvcp_win.dll
0x00007ffecd4b0000 - 0x00007ffecd4e0000 	C:\Windows\System32\IMM32.DLL
0x00007ffeb2370000 - 0x00007ffeb240d000 	D:\pc-apps\android\android-studio\jre\bin\msvcp140.dll
0x00007ffeb1260000 - 0x00007ffeb1d2f000 	D:\pc-apps\android\android-studio\jre\bin\server\jvm.dll
0x00007ffecd790000 - 0x00007ffecd83c000 	C:\Windows\System32\ADVAPI32.dll
0x00007ffece9f0000 - 0x00007ffecea8b000 	C:\Windows\System32\sechost.dll
0x00007ffece270000 - 0x00007ffece39a000 	C:\Windows\System32\RPCRT4.dll
0x00007ffecd4e0000 - 0x00007ffecd4e8000 	C:\Windows\System32\PSAPI.DLL
0x00007ffec2050000 - 0x00007ffec2077000 	C:\Windows\SYSTEM32\WINMM.dll
0x00007ffec7ee0000 - 0x00007ffec7ee9000 	C:\Windows\SYSTEM32\WSOCK32.dll
0x00007ffec2080000 - 0x00007ffec208a000 	C:\Windows\SYSTEM32\VERSION.dll
0x00007ffece170000 - 0x00007ffece1db000 	C:\Windows\System32\WS2_32.dll
0x00007ffeca110000 - 0x00007ffeca122000 	C:\Windows\SYSTEM32\kernel.appcore.dll
0x00007ffec7d10000 - 0x00007ffec7d21000 	D:\pc-apps\android\android-studio\jre\bin\verify.dll
0x00007ffebe070000 - 0x00007ffebe254000 	C:\Windows\SYSTEM32\DBGHELP.DLL
0x00007ffebe040000 - 0x00007ffebe06c000 	C:\Windows\SYSTEM32\dbgcore.DLL
0x00007ffecc5e0000 - 0x00007ffecc663000 	C:\Windows\System32\bcryptPrimitives.dll
0x00007ffec6fc0000 - 0x00007ffec6fe9000 	D:\pc-apps\android\android-studio\jre\bin\java.dll
0x00007ffec7d00000 - 0x00007ffec7d0b000 	D:\pc-apps\android\android-studio\jre\bin\jimage.dll
0x00007ffec6880000 - 0x00007ffec6898000 	D:\pc-apps\android\android-studio\jre\bin\zip.dll
0x00007ffecd840000 - 0x00007ffecdf7f000 	C:\Windows\System32\SHELL32.dll
0x00007ffeca310000 - 0x00007ffecaaa0000 	C:\Windows\SYSTEM32\windows.storage.dll
0x00007ffece3a0000 - 0x00007ffece6f5000 	C:\Windows\System32\combase.dll
0x00007ffecbb90000 - 0x00007ffecbbbe000 	C:\Windows\SYSTEM32\Wldp.dll
0x00007ffeccb40000 - 0x00007ffeccbed000 	C:\Windows\System32\SHCORE.dll
0x00007ffecd2e0000 - 0x00007ffecd335000 	C:\Windows\System32\shlwapi.dll
0x00007ffecc150000 - 0x00007ffecc16f000 	C:\Windows\SYSTEM32\profapi.dll
0x00007ffec6860000 - 0x00007ffec687a000 	D:\pc-apps\android\android-studio\jre\bin\net.dll
0x00007ffebf290000 - 0x00007ffebf39c000 	C:\Windows\SYSTEM32\WINHTTP.dll
0x00007ffecb8f0000 - 0x00007ffecb95a000 	C:\Windows\system32\mswsock.dll
0x00007ffec66c0000 - 0x00007ffec66d4000 	D:\pc-apps\android\android-studio\jre\bin\nio.dll

dbghelp: loaded successfully - version: 4.0.5 - missing functions: none
symbol engine: initialized successfully - sym options: 0x614 - pdb path: .;D:\pc-apps\android\android-studio\jre\bin;C:\Windows\SYSTEM32;C:\Windows\WinSxS\amd64_microsoft.windows.common-controls_6595b64144ccf1df_6.0.19041.1110_none_60b5254171f9507e;D:\pc-apps\android\android-studio\jre\bin\server

VM Arguments:
java_command: org.jetbrains.kotlin.cli.jvm.K2JVMCompiler @D:\projects\students_app\build\app\20211116_3517530647123067896.compiler.options
java_class_path (initial): C:\Users\sabar\.gradle\caches\modules-2\files-2.1\org.jetbrains.kotlin\kotlin-compiler-embeddable\1.5.31\cc18c29253541dc57c25c3ef514d63c7953ae1a6\kotlin-compiler-embeddable-1.5.31.jar;C:\Users\sabar\.gradle\caches\modules-2\files-2.1\org.jetbrains.kotlin\kotlin-reflect\1.5.31\1523fcd842a47da0820cea772b19c51056fec8a9\kotlin-reflect-1.5.31.jar;C:\Users\sabar\.gradle\caches\modules-2\files-2.1\org.jetbrains.kotlin\kotlin-stdlib\1.5.31\6628d61d0f5603568e72d2d5915d2c034b4f1c55\kotlin-stdlib-1.5.31.jar;C:\Users\sabar\.gradle\caches\modules-2\files-2.1\org.jetbrains.kotlin\kotlin-script-runtime\1.5.31\aaea854be2cfc06373dfc11be5a6ba9ca5ca84a6\kotlin-script-runtime-1.5.31.jar;C:\Users\sabar\.gradle\caches\modules-2\files-2.1\org.jetbrains.kotlin\kotlin-daemon-embeddable\1.5.31\d19b549661e28c62781683dc7c7e34bf416974f1\kotlin-daemon-embeddable-1.5.31.jar;C:\Users\sabar\.gradle\caches\modules-2\files-2.1\org.jetbrains.intellij.deps\trove4j\1.0.20181211\216c2e14b070f334479d800987affe4054cd563f\trove4j-1.0.20181211.jar;C:\Users\sabar\.gradle\caches\modules-2\files-2.1\org.jetbrains\annotations\13.0\919f0dfe192fb4e063e7dacadee7f8bb9a2672a9\annotations-13.0.jar;C:\Users\sabar\.gradle\caches\modules-2\files-2.1\org.jetbrains.kotlin\kotlin-stdlib-common\1.5.31\43331609c7de811fed085e0dfd150874b157c32\kotlin-stdlib-common-1.5.31.jar
Launcher Type: SUN_STANDARD

[Global flags]
     intx CICompilerCount                          = 4                                         {product} {ergonomic}
     uint ConcGCThreads                            = 2                                         {product} {ergonomic}
     uint G1ConcRefinementThreads                  = 8                                         {product} {ergonomic}
   size_t G1HeapRegionSize                         = 1048576                                   {product} {ergonomic}
    uintx GCDrainStackTargetSize                   = 64                                        {product} {ergonomic}
   size_t InitialHeapSize                          = 100663296                                 {product} {ergonomic}
   size_t MarkStackSize                            = 4194304                                   {product} {ergonomic}
   size_t MaxHeapSize                              = 1579155456                                {product} {ergonomic}
   size_t MaxNewSize                               = 946864128                                 {product} {ergonomic}
   size_t MinHeapDeltaBytes                        = 1048576                                   {product} {ergonomic}
    uintx NonNMethodCodeHeapSize                   = 5836300                                {pd product} {ergonomic}
    uintx NonProfiledCodeHeapSize                  = 122910970                              {pd product} {ergonomic}
    uintx ProfiledCodeHeapSize                     = 122910970                              {pd product} {ergonomic}
    uintx ReservedCodeCacheSize                    = 251658240                              {pd product} {ergonomic}
     bool SegmentedCodeCache                       = true                                      {product} {ergonomic}
     bool UseCompressedClassPointers               = true                                 {lp64_product} {ergonomic}
     bool UseCompressedOops                        = true                                 {lp64_product} {ergonomic}
     bool UseG1GC                                  = true                                      {product} {ergonomic}
     bool UseLargePagesIndividualAllocation        = false                                  {pd product} {ergonomic}

Logging:
Log output configuration:
 #0: stdout all=warning uptime,level,tags
 #1: stderr all=off uptime,level,tags

Environment Variables:
JAVA_HOME=D:\pc-apps\android\android-studio\jre
CLASSPATH=D:\projects\students_app\android\\gradle\wrapper\gradle-wrapper.jar
PATH=C:\Windows\system32;C:\Windows;C:\Windows\System32\Wbem;C:\Windows\System32\WindowsPowerShell\v1.0\;C:\Windows\System32\OpenSSH\;D:\system-apps\gradle\bin;C:\Program Files\PowerShell\7\;D:\system-apps\Git\cmd;D:\pc-apps\Git\cmd;C:\Users\sabar\AppData\Local\Microsoft\WindowsApps;D:\pc-apps\flutter\bin;D:\pc-apps\Microsoft VS Code\bin;D:\pc-apps\Git\bin;D:\pc-apps\gradle\bin;
USERNAME=sabar
OS=Windows_NT
PROCESSOR_IDENTIFIER=AMD64 Family 23 Model 24 Stepping 1, AuthenticAMD



---------------  S Y S T E M  ---------------

OS: Windows 10 , 64 bit Build 19041 (10.0.19041.1320)
OS uptime: 0 days 2:57 hours

CPU:total 8 (initial active 8) (8 cores per cpu, 2 threads per core) family 23 model 24 stepping 1 microcode 0x0, cmov, cx8, fxsr, mmx, sse, sse2, sse3, ssse3, sse4.1, sse4.2, popcnt, avx, avx2, aes, clmul, mmxext, 3dnowpref, lzcnt, sse4a, ht, tsc, tscinvbit, tscinv, bmi1, bmi2, adx, s

Memory: 4k page, system-wide physical 6020M (490M free)
TotalPageFile size 14868M (AvailPageFile size 5M)
current process WorkingSet (physical memory assigned to process): 210M, peak: 210M
current process commit charge ("private bytes"): 267M, peak: 268M

vm_info: OpenJDK 64-Bit Server VM (11.0.10+0-b96-7249189) for windows-amd64 JRE (11.0.10+0-b96-7249189), built on Mar 31 2021 21:44:00 by "builder" with MS VC++ 14.0 (VS2015)

END.
